[2021-09-06 22:49:14,447][__main__][INFO] - Load dataset ...
[2021-09-06 22:50:19,058][__main__][INFO] - Load dataset ...
[2021-09-06 22:50:31,067][__main__][INFO] - No existing model, starting training from scratch...
[2021-09-06 22:50:31,068][__main__][INFO] - Start training...
[2021-09-06 22:50:31,068][__main__][INFO] - Epoch 1 (1/250):
[2021-09-06 22:54:46,408][__main__][INFO] - Train Instance Accuracy: 0.347109
[2021-09-06 22:55:52,195][__main__][INFO] - Test Instance Accuracy: 0.465144, Class Accuracy: 0.302134
[2021-09-06 22:55:52,196][__main__][INFO] - Best Instance Accuracy: 0.465144, Class Accuracy: 0.302134
[2021-09-06 22:55:52,196][__main__][INFO] - Save model...
[2021-09-06 22:55:52,196][__main__][INFO] - Saving at best_model.pth
[2021-09-06 22:55:52,331][__main__][INFO] - Epoch 2 (2/250):
[2021-09-06 23:00:03,339][__main__][INFO] - Train Instance Accuracy: 0.440138
[2021-09-06 23:01:08,811][__main__][INFO] - Test Instance Accuracy: 0.576923, Class Accuracy: 0.407992
[2021-09-06 23:01:08,811][__main__][INFO] - Best Instance Accuracy: 0.576923, Class Accuracy: 0.407992
[2021-09-06 23:01:08,812][__main__][INFO] - Save model...
[2021-09-06 23:01:08,812][__main__][INFO] - Saving at best_model.pth
[2021-09-06 23:01:08,912][__main__][INFO] - Epoch 3 (3/250):
[2021-09-06 23:05:20,055][__main__][INFO] - Train Instance Accuracy: 0.499592
[2021-09-06 23:06:25,329][__main__][INFO] - Test Instance Accuracy: 0.667067, Class Accuracy: 0.524580
[2021-09-06 23:06:25,329][__main__][INFO] - Best Instance Accuracy: 0.667067, Class Accuracy: 0.524580
[2021-09-06 23:06:25,330][__main__][INFO] - Save model...
[2021-09-06 23:06:25,330][__main__][INFO] - Saving at best_model.pth
[2021-09-06 23:06:25,431][__main__][INFO] - Epoch 4 (4/250):
[2021-09-06 23:10:36,074][__main__][INFO] - Train Instance Accuracy: 0.544014
[2021-09-06 23:11:41,271][__main__][INFO] - Test Instance Accuracy: 0.741587, Class Accuracy: 0.623294
[2021-09-06 23:11:41,271][__main__][INFO] - Best Instance Accuracy: 0.741587, Class Accuracy: 0.623294
[2021-09-06 23:11:41,272][__main__][INFO] - Save model...
[2021-09-06 23:11:41,272][__main__][INFO] - Saving at best_model.pth
[2021-09-06 23:11:41,375][__main__][INFO] - Epoch 5 (5/250):
[2021-09-06 23:15:54,038][__main__][INFO] - Train Instance Accuracy: 0.578594
[2021-09-06 23:16:59,308][__main__][INFO] - Test Instance Accuracy: 0.750000, Class Accuracy: 0.637300
[2021-09-06 23:16:59,309][__main__][INFO] - Best Instance Accuracy: 0.750000, Class Accuracy: 0.637300
[2021-09-06 23:16:59,309][__main__][INFO] - Save model...
[2021-09-06 23:16:59,309][__main__][INFO] - Saving at best_model.pth
[2021-09-06 23:16:59,412][__main__][INFO] - Epoch 6 (6/250):
[2021-09-06 23:21:09,891][__main__][INFO] - Train Instance Accuracy: 0.607493
[2021-09-06 23:22:15,108][__main__][INFO] - Test Instance Accuracy: 0.796474, Class Accuracy: 0.705293
[2021-09-06 23:22:15,108][__main__][INFO] - Best Instance Accuracy: 0.796474, Class Accuracy: 0.705293
[2021-09-06 23:22:15,108][__main__][INFO] - Save model...
[2021-09-06 23:22:15,108][__main__][INFO] - Saving at best_model.pth
[2021-09-06 23:22:15,203][__main__][INFO] - Epoch 7 (7/250):
[2021-09-06 23:26:26,198][__main__][INFO] - Train Instance Accuracy: 0.630594
[2021-09-06 23:27:31,407][__main__][INFO] - Test Instance Accuracy: 0.815304, Class Accuracy: 0.727793
[2021-09-06 23:27:31,407][__main__][INFO] - Best Instance Accuracy: 0.815304, Class Accuracy: 0.727793
[2021-09-06 23:27:31,408][__main__][INFO] - Save model...
[2021-09-06 23:27:31,408][__main__][INFO] - Saving at best_model.pth
[2021-09-06 23:27:31,504][__main__][INFO] - Epoch 8 (8/250):
[2021-09-06 23:31:42,946][__main__][INFO] - Train Instance Accuracy: 0.650533
[2021-09-06 23:32:48,531][__main__][INFO] - Test Instance Accuracy: 0.831330, Class Accuracy: 0.759655
[2021-09-06 23:32:48,531][__main__][INFO] - Best Instance Accuracy: 0.831330, Class Accuracy: 0.759655
[2021-09-06 23:32:48,531][__main__][INFO] - Save model...
[2021-09-06 23:32:48,531][__main__][INFO] - Saving at best_model.pth
[2021-09-06 23:32:48,629][__main__][INFO] - Epoch 9 (9/250):
[2021-09-06 23:36:59,474][__main__][INFO] - Train Instance Accuracy: 0.667743
[2021-09-06 23:38:05,022][__main__][INFO] - Test Instance Accuracy: 0.842147, Class Accuracy: 0.769916
[2021-09-06 23:38:05,022][__main__][INFO] - Best Instance Accuracy: 0.842147, Class Accuracy: 0.769916
[2021-09-06 23:38:05,022][__main__][INFO] - Save model...
[2021-09-06 23:38:05,023][__main__][INFO] - Saving at best_model.pth
[2021-09-06 23:38:05,119][__main__][INFO] - Epoch 10 (10/250):
[2021-09-06 23:42:16,365][__main__][INFO] - Train Instance Accuracy: 0.681424
[2021-09-06 23:43:21,544][__main__][INFO] - Test Instance Accuracy: 0.853766, Class Accuracy: 0.777952
[2021-09-06 23:43:21,545][__main__][INFO] - Best Instance Accuracy: 0.853766, Class Accuracy: 0.777952
[2021-09-06 23:43:21,545][__main__][INFO] - Save model...
[2021-09-06 23:43:21,545][__main__][INFO] - Saving at best_model.pth
[2021-09-06 23:43:21,653][__main__][INFO] - Epoch 11 (11/250):
[2021-09-06 23:47:32,077][__main__][INFO] - Train Instance Accuracy: 0.693446
[2021-09-06 23:48:37,309][__main__][INFO] - Test Instance Accuracy: 0.856170, Class Accuracy: 0.787639
[2021-09-06 23:48:37,309][__main__][INFO] - Best Instance Accuracy: 0.856170, Class Accuracy: 0.787639
[2021-09-06 23:48:37,309][__main__][INFO] - Save model...
[2021-09-06 23:48:37,309][__main__][INFO] - Saving at best_model.pth
[2021-09-06 23:48:37,413][__main__][INFO] - Epoch 12 (12/250):
[2021-09-06 23:52:48,598][__main__][INFO] - Train Instance Accuracy: 0.704111
[2021-09-06 23:53:53,818][__main__][INFO] - Test Instance Accuracy: 0.840545, Class Accuracy: 0.781749
[2021-09-06 23:53:53,818][__main__][INFO] - Best Instance Accuracy: 0.856170, Class Accuracy: 0.787639
[2021-09-06 23:53:53,819][__main__][INFO] - Epoch 13 (13/250):
[2021-09-06 23:58:04,406][__main__][INFO] - Train Instance Accuracy: 0.713062
[2021-09-06 23:59:09,535][__main__][INFO] - Test Instance Accuracy: 0.852965, Class Accuracy: 0.782724
[2021-09-06 23:59:09,535][__main__][INFO] - Best Instance Accuracy: 0.856170, Class Accuracy: 0.787639
[2021-09-06 23:59:09,535][__main__][INFO] - Epoch 14 (14/250):
[2021-09-07 00:03:31,523][__main__][INFO] - Train Instance Accuracy: 0.721684
[2021-09-07 00:04:41,491][__main__][INFO] - Test Instance Accuracy: 0.856571, Class Accuracy: 0.803726
[2021-09-07 00:04:41,491][__main__][INFO] - Best Instance Accuracy: 0.856571, Class Accuracy: 0.803726
[2021-09-07 00:04:41,491][__main__][INFO] - Save model...
[2021-09-07 00:04:41,492][__main__][INFO] - Saving at best_model.pth
[2021-09-07 00:04:41,580][__main__][INFO] - Epoch 15 (15/250):
[2021-09-07 00:09:13,767][__main__][INFO] - Train Instance Accuracy: 0.729206
[2021-09-07 00:10:19,717][__main__][INFO] - Test Instance Accuracy: 0.866987, Class Accuracy: 0.812467
[2021-09-07 00:10:19,717][__main__][INFO] - Best Instance Accuracy: 0.866987, Class Accuracy: 0.812467
[2021-09-07 00:10:19,717][__main__][INFO] - Save model...
[2021-09-07 00:10:19,717][__main__][INFO] - Saving at best_model.pth
[2021-09-07 00:10:19,808][__main__][INFO] - Epoch 16 (16/250):
[2021-09-07 00:14:34,398][__main__][INFO] - Train Instance Accuracy: 0.736337
[2021-09-07 00:15:40,132][__main__][INFO] - Test Instance Accuracy: 0.877404, Class Accuracy: 0.816020
[2021-09-07 00:15:40,133][__main__][INFO] - Best Instance Accuracy: 0.877404, Class Accuracy: 0.816020
[2021-09-07 00:15:40,133][__main__][INFO] - Save model...
[2021-09-07 00:15:40,133][__main__][INFO] - Saving at best_model.pth
[2021-09-07 00:15:40,223][__main__][INFO] - Epoch 17 (17/250):
[2021-09-07 00:19:54,147][__main__][INFO] - Train Instance Accuracy: 0.742763
[2021-09-07 00:20:59,728][__main__][INFO] - Test Instance Accuracy: 0.872196, Class Accuracy: 0.815994
[2021-09-07 00:20:59,728][__main__][INFO] - Best Instance Accuracy: 0.877404, Class Accuracy: 0.816020
[2021-09-07 00:20:59,729][__main__][INFO] - Epoch 18 (18/250):
[2021-09-07 00:25:15,475][__main__][INFO] - Train Instance Accuracy: 0.748846
[2021-09-07 00:26:21,077][__main__][INFO] - Test Instance Accuracy: 0.868189, Class Accuracy: 0.806947
[2021-09-07 00:26:21,077][__main__][INFO] - Best Instance Accuracy: 0.877404, Class Accuracy: 0.816020
[2021-09-07 00:26:21,078][__main__][INFO] - Epoch 19 (19/250):
[2021-09-07 00:30:35,327][__main__][INFO] - Train Instance Accuracy: 0.754298
[2021-09-07 00:31:41,175][__main__][INFO] - Test Instance Accuracy: 0.872596, Class Accuracy: 0.819620
[2021-09-07 00:31:41,176][__main__][INFO] - Best Instance Accuracy: 0.877404, Class Accuracy: 0.819620
[2021-09-07 00:31:41,176][__main__][INFO] - Epoch 20 (20/250):
[2021-09-07 00:35:54,813][__main__][INFO] - Train Instance Accuracy: 0.759555
[2021-09-07 00:37:00,486][__main__][INFO] - Test Instance Accuracy: 0.859776, Class Accuracy: 0.819617
[2021-09-07 00:37:00,486][__main__][INFO] - Best Instance Accuracy: 0.877404, Class Accuracy: 0.819620
[2021-09-07 00:37:00,487][__main__][INFO] - Epoch 21 (21/250):
[2021-09-07 00:41:13,157][__main__][INFO] - Train Instance Accuracy: 0.764194
[2021-09-07 00:42:18,808][__main__][INFO] - Test Instance Accuracy: 0.875801, Class Accuracy: 0.819398
[2021-09-07 00:42:18,808][__main__][INFO] - Best Instance Accuracy: 0.877404, Class Accuracy: 0.819620
[2021-09-07 00:42:18,809][__main__][INFO] - Epoch 22 (22/250):
[2021-09-07 00:46:32,560][__main__][INFO] - Train Instance Accuracy: 0.768515
[2021-09-07 00:47:38,458][__main__][INFO] - Test Instance Accuracy: 0.869792, Class Accuracy: 0.815982
[2021-09-07 00:47:38,458][__main__][INFO] - Best Instance Accuracy: 0.877404, Class Accuracy: 0.819620
[2021-09-07 00:47:38,459][__main__][INFO] - Epoch 23 (23/250):
[2021-09-07 00:51:51,813][__main__][INFO] - Train Instance Accuracy: 0.772527
[2021-09-07 00:52:57,820][__main__][INFO] - Test Instance Accuracy: 0.874599, Class Accuracy: 0.817075
[2021-09-07 00:52:57,820][__main__][INFO] - Best Instance Accuracy: 0.877404, Class Accuracy: 0.819620
[2021-09-07 00:52:57,821][__main__][INFO] - Epoch 24 (24/250):
[2021-09-07 00:57:10,649][__main__][INFO] - Train Instance Accuracy: 0.776253
[2021-09-07 00:58:16,409][__main__][INFO] - Test Instance Accuracy: 0.875000, Class Accuracy: 0.819775
[2021-09-07 00:58:16,409][__main__][INFO] - Best Instance Accuracy: 0.877404, Class Accuracy: 0.819775
[2021-09-07 00:58:16,410][__main__][INFO] - Epoch 25 (25/250):
[2021-09-07 01:02:31,713][__main__][INFO] - Train Instance Accuracy: 0.779939
[2021-09-07 01:03:37,221][__main__][INFO] - Test Instance Accuracy: 0.881811, Class Accuracy: 0.831108
[2021-09-07 01:03:37,221][__main__][INFO] - Best Instance Accuracy: 0.881811, Class Accuracy: 0.831108
[2021-09-07 01:03:37,221][__main__][INFO] - Save model...
[2021-09-07 01:03:37,221][__main__][INFO] - Saving at best_model.pth
[2021-09-07 01:03:37,303][__main__][INFO] - Epoch 26 (26/250):
[2021-09-07 01:07:50,363][__main__][INFO] - Train Instance Accuracy: 0.783372
[2021-09-07 01:08:56,170][__main__][INFO] - Test Instance Accuracy: 0.889022, Class Accuracy: 0.840782
[2021-09-07 01:08:56,170][__main__][INFO] - Best Instance Accuracy: 0.889022, Class Accuracy: 0.840782
[2021-09-07 01:08:56,171][__main__][INFO] - Save model...
[2021-09-07 01:08:56,171][__main__][INFO] - Saving at best_model.pth
[2021-09-07 01:08:56,261][__main__][INFO] - Epoch 27 (27/250):
[2021-09-07 01:13:09,953][__main__][INFO] - Train Instance Accuracy: 0.786870
[2021-09-07 01:14:15,478][__main__][INFO] - Test Instance Accuracy: 0.882212, Class Accuracy: 0.838641
[2021-09-07 01:14:15,479][__main__][INFO] - Best Instance Accuracy: 0.889022, Class Accuracy: 0.840782
[2021-09-07 01:14:15,479][__main__][INFO] - Epoch 28 (28/250):
[2021-09-07 01:18:29,024][__main__][INFO] - Train Instance Accuracy: 0.790086
[2021-09-07 01:19:35,086][__main__][INFO] - Test Instance Accuracy: 0.868590, Class Accuracy: 0.821461
[2021-09-07 01:19:35,087][__main__][INFO] - Best Instance Accuracy: 0.889022, Class Accuracy: 0.840782
[2021-09-07 01:19:35,087][__main__][INFO] - Epoch 29 (29/250):
[2021-09-07 01:23:47,572][__main__][INFO] - Train Instance Accuracy: 0.793193
[2021-09-07 01:24:53,160][__main__][INFO] - Test Instance Accuracy: 0.880208, Class Accuracy: 0.830135
[2021-09-07 01:24:53,161][__main__][INFO] - Best Instance Accuracy: 0.889022, Class Accuracy: 0.840782
[2021-09-07 01:24:53,161][__main__][INFO] - Epoch 30 (30/250):
[2021-09-07 01:29:05,971][__main__][INFO] - Train Instance Accuracy: 0.795867
[2021-09-07 01:30:11,662][__main__][INFO] - Test Instance Accuracy: 0.881811, Class Accuracy: 0.827833
[2021-09-07 01:30:11,662][__main__][INFO] - Best Instance Accuracy: 0.889022, Class Accuracy: 0.840782
[2021-09-07 01:30:11,662][__main__][INFO] - Epoch 31 (31/250):
[2021-09-07 01:34:24,857][__main__][INFO] - Train Instance Accuracy: 0.798465
[2021-09-07 01:35:31,001][__main__][INFO] - Test Instance Accuracy: 0.876603, Class Accuracy: 0.825151
[2021-09-07 01:35:31,001][__main__][INFO] - Best Instance Accuracy: 0.889022, Class Accuracy: 0.840782
[2021-09-07 01:35:31,002][__main__][INFO] - Epoch 32 (32/250):
[2021-09-07 01:39:44,946][__main__][INFO] - Train Instance Accuracy: 0.800989
[2021-09-07 01:40:50,721][__main__][INFO] - Test Instance Accuracy: 0.889824, Class Accuracy: 0.845782
[2021-09-07 01:40:50,721][__main__][INFO] - Best Instance Accuracy: 0.889824, Class Accuracy: 0.845782
[2021-09-07 01:40:50,721][__main__][INFO] - Save model...
[2021-09-07 01:40:50,721][__main__][INFO] - Saving at best_model.pth
[2021-09-07 01:40:50,817][__main__][INFO] - Epoch 33 (33/250):
[2021-09-07 01:45:04,773][__main__][INFO] - Train Instance Accuracy: 0.803321
[2021-09-07 01:46:10,364][__main__][INFO] - Test Instance Accuracy: 0.878606, Class Accuracy: 0.831507
[2021-09-07 01:46:10,364][__main__][INFO] - Best Instance Accuracy: 0.889824, Class Accuracy: 0.845782
[2021-09-07 01:46:10,365][__main__][INFO] - Epoch 34 (34/250):
[2021-09-07 01:50:23,818][__main__][INFO] - Train Instance Accuracy: 0.805706
[2021-09-07 01:51:29,471][__main__][INFO] - Test Instance Accuracy: 0.880609, Class Accuracy: 0.834442
[2021-09-07 01:51:29,471][__main__][INFO] - Best Instance Accuracy: 0.889824, Class Accuracy: 0.845782
[2021-09-07 01:51:29,472][__main__][INFO] - Epoch 35 (35/250):
[2021-09-07 01:55:43,632][__main__][INFO] - Train Instance Accuracy: 0.808119
[2021-09-07 01:56:49,318][__main__][INFO] - Test Instance Accuracy: 0.888622, Class Accuracy: 0.844682
[2021-09-07 01:56:49,318][__main__][INFO] - Best Instance Accuracy: 0.889824, Class Accuracy: 0.845782
[2021-09-07 01:56:49,319][__main__][INFO] - Epoch 36 (36/250):
[2021-09-07 02:01:02,245][__main__][INFO] - Train Instance Accuracy: 0.810264
[2021-09-07 02:02:07,943][__main__][INFO] - Test Instance Accuracy: 0.887019, Class Accuracy: 0.837349
[2021-09-07 02:02:07,943][__main__][INFO] - Best Instance Accuracy: 0.889824, Class Accuracy: 0.845782
[2021-09-07 02:02:07,944][__main__][INFO] - Epoch 37 (37/250):
[2021-09-07 02:06:24,181][__main__][INFO] - Train Instance Accuracy: 0.812332
[2021-09-07 02:07:29,958][__main__][INFO] - Test Instance Accuracy: 0.894631, Class Accuracy: 0.848529
[2021-09-07 02:07:29,958][__main__][INFO] - Best Instance Accuracy: 0.894631, Class Accuracy: 0.848529
[2021-09-07 02:07:29,958][__main__][INFO] - Save model...
[2021-09-07 02:07:29,958][__main__][INFO] - Saving at best_model.pth
[2021-09-07 02:07:30,048][__main__][INFO] - Epoch 38 (38/250):
[2021-09-07 02:11:43,687][__main__][INFO] - Train Instance Accuracy: 0.814186
[2021-09-07 02:12:49,246][__main__][INFO] - Test Instance Accuracy: 0.894631, Class Accuracy: 0.853130
[2021-09-07 02:12:49,246][__main__][INFO] - Best Instance Accuracy: 0.894631, Class Accuracy: 0.853130
[2021-09-07 02:12:49,247][__main__][INFO] - Save model...
[2021-09-07 02:12:49,247][__main__][INFO] - Saving at best_model.pth
[2021-09-07 02:12:49,363][__main__][INFO] - Epoch 39 (39/250):
[2021-09-07 02:17:03,473][__main__][INFO] - Train Instance Accuracy: 0.816135
[2021-09-07 02:18:09,630][__main__][INFO] - Test Instance Accuracy: 0.893830, Class Accuracy: 0.853933
[2021-09-07 02:18:09,630][__main__][INFO] - Best Instance Accuracy: 0.894631, Class Accuracy: 0.853933
[2021-09-07 02:18:09,631][__main__][INFO] - Epoch 40 (40/250):
[2021-09-07 02:22:22,616][__main__][INFO] - Train Instance Accuracy: 0.818032
[2021-09-07 02:23:28,228][__main__][INFO] - Test Instance Accuracy: 0.892228, Class Accuracy: 0.847819
[2021-09-07 02:23:28,229][__main__][INFO] - Best Instance Accuracy: 0.894631, Class Accuracy: 0.853933
[2021-09-07 02:23:28,229][__main__][INFO] - Epoch 41 (41/250):
[2021-09-07 02:27:42,358][__main__][INFO] - Train Instance Accuracy: 0.819834
[2021-09-07 02:28:48,071][__main__][INFO] - Test Instance Accuracy: 0.887821, Class Accuracy: 0.846704
[2021-09-07 02:28:48,071][__main__][INFO] - Best Instance Accuracy: 0.894631, Class Accuracy: 0.853933
[2021-09-07 02:28:48,072][__main__][INFO] - Epoch 42 (42/250):
[2021-09-07 02:33:03,601][__main__][INFO] - Train Instance Accuracy: 0.821645
[2021-09-07 02:34:09,740][__main__][INFO] - Test Instance Accuracy: 0.896635, Class Accuracy: 0.858552
[2021-09-07 02:34:09,741][__main__][INFO] - Best Instance Accuracy: 0.896635, Class Accuracy: 0.858552
[2021-09-07 02:34:09,741][__main__][INFO] - Save model...
[2021-09-07 02:34:09,741][__main__][INFO] - Saving at best_model.pth
[2021-09-07 02:34:09,830][__main__][INFO] - Epoch 43 (43/250):
[2021-09-07 02:38:23,952][__main__][INFO] - Train Instance Accuracy: 0.823370
[2021-09-07 02:39:29,836][__main__][INFO] - Test Instance Accuracy: 0.887019, Class Accuracy: 0.845092
[2021-09-07 02:39:29,837][__main__][INFO] - Best Instance Accuracy: 0.896635, Class Accuracy: 0.858552
[2021-09-07 02:39:29,837][__main__][INFO] - Epoch 44 (44/250):
[2021-09-07 02:43:42,834][__main__][INFO] - Train Instance Accuracy: 0.824929
[2021-09-07 02:44:48,345][__main__][INFO] - Test Instance Accuracy: 0.895433, Class Accuracy: 0.855857
[2021-09-07 02:44:48,345][__main__][INFO] - Best Instance Accuracy: 0.896635, Class Accuracy: 0.858552
[2021-09-07 02:44:48,346][__main__][INFO] - Epoch 45 (45/250):
[2021-09-07 02:49:01,525][__main__][INFO] - Train Instance Accuracy: 0.826478
[2021-09-07 02:50:07,231][__main__][INFO] - Test Instance Accuracy: 0.901042, Class Accuracy: 0.845476
[2021-09-07 02:50:07,231][__main__][INFO] - Best Instance Accuracy: 0.901042, Class Accuracy: 0.858552
[2021-09-07 02:50:07,232][__main__][INFO] - Save model...
[2021-09-07 02:50:07,232][__main__][INFO] - Saving at best_model.pth
[2021-09-07 02:50:07,321][__main__][INFO] - Epoch 46 (46/250):
[2021-09-07 02:54:21,394][__main__][INFO] - Train Instance Accuracy: 0.828045
[2021-09-07 02:55:27,058][__main__][INFO] - Test Instance Accuracy: 0.899439, Class Accuracy: 0.855029
[2021-09-07 02:55:27,058][__main__][INFO] - Best Instance Accuracy: 0.901042, Class Accuracy: 0.858552
[2021-09-07 02:55:27,059][__main__][INFO] - Epoch 47 (47/250):
[2021-09-07 02:59:41,815][__main__][INFO] - Train Instance Accuracy: 0.829524
[2021-09-07 03:00:47,581][__main__][INFO] - Test Instance Accuracy: 0.894631, Class Accuracy: 0.848085
[2021-09-07 03:00:47,581][__main__][INFO] - Best Instance Accuracy: 0.901042, Class Accuracy: 0.858552
[2021-09-07 03:00:47,582][__main__][INFO] - Epoch 48 (48/250):
[2021-09-07 03:05:02,366][__main__][INFO] - Train Instance Accuracy: 0.831029
[2021-09-07 03:06:08,240][__main__][INFO] - Test Instance Accuracy: 0.900641, Class Accuracy: 0.858859
[2021-09-07 03:06:08,240][__main__][INFO] - Best Instance Accuracy: 0.901042, Class Accuracy: 0.858859
[2021-09-07 03:06:08,241][__main__][INFO] - Epoch 49 (49/250):
[2021-09-07 03:10:22,800][__main__][INFO] - Train Instance Accuracy: 0.832460
[2021-09-07 03:11:28,342][__main__][INFO] - Test Instance Accuracy: 0.901042, Class Accuracy: 0.864099
[2021-09-07 03:11:28,343][__main__][INFO] - Best Instance Accuracy: 0.901042, Class Accuracy: 0.864099
[2021-09-07 03:11:28,343][__main__][INFO] - Save model...
[2021-09-07 03:11:28,343][__main__][INFO] - Saving at best_model.pth
[2021-09-07 03:11:28,438][__main__][INFO] - Epoch 50 (50/250):
[2021-09-07 03:15:43,329][__main__][INFO] - Train Instance Accuracy: 0.833928
[2021-09-07 03:16:49,246][__main__][INFO] - Test Instance Accuracy: 0.888622, Class Accuracy: 0.858643
[2021-09-07 03:16:49,247][__main__][INFO] - Best Instance Accuracy: 0.901042, Class Accuracy: 0.864099
[2021-09-07 03:16:49,247][__main__][INFO] - Epoch 51 (51/250):
[2021-09-07 03:21:04,548][__main__][INFO] - Train Instance Accuracy: 0.835422
[2021-09-07 03:22:10,135][__main__][INFO] - Test Instance Accuracy: 0.897035, Class Accuracy: 0.855936
[2021-09-07 03:22:10,135][__main__][INFO] - Best Instance Accuracy: 0.901042, Class Accuracy: 0.864099
[2021-09-07 03:22:10,135][__main__][INFO] - Epoch 52 (52/250):
[2021-09-07 03:26:23,292][__main__][INFO] - Train Instance Accuracy: 0.836915
[2021-09-07 03:27:29,356][__main__][INFO] - Test Instance Accuracy: 0.899038, Class Accuracy: 0.857554
[2021-09-07 03:27:29,356][__main__][INFO] - Best Instance Accuracy: 0.901042, Class Accuracy: 0.864099
[2021-09-07 03:27:29,357][__main__][INFO] - Epoch 53 (53/250):
[2021-09-07 03:31:43,366][__main__][INFO] - Train Instance Accuracy: 0.838432
[2021-09-07 03:32:49,126][__main__][INFO] - Test Instance Accuracy: 0.903446, Class Accuracy: 0.865403
[2021-09-07 03:32:49,126][__main__][INFO] - Best Instance Accuracy: 0.903446, Class Accuracy: 0.865403
[2021-09-07 03:32:49,126][__main__][INFO] - Save model...
[2021-09-07 03:32:49,126][__main__][INFO] - Saving at best_model.pth
[2021-09-07 03:32:49,217][__main__][INFO] - Epoch 54 (54/250):
[2021-09-07 03:37:02,694][__main__][INFO] - Train Instance Accuracy: 0.839926
[2021-09-07 03:38:08,278][__main__][INFO] - Test Instance Accuracy: 0.903446, Class Accuracy: 0.866034
[2021-09-07 03:38:08,278][__main__][INFO] - Best Instance Accuracy: 0.903446, Class Accuracy: 0.866034
[2021-09-07 03:38:08,278][__main__][INFO] - Save model...
[2021-09-07 03:38:08,278][__main__][INFO] - Saving at best_model.pth
[2021-09-07 03:38:08,378][__main__][INFO] - Epoch 55 (55/250):
[2021-09-07 03:42:22,536][__main__][INFO] - Train Instance Accuracy: 0.841402
[2021-09-07 03:43:28,411][__main__][INFO] - Test Instance Accuracy: 0.899038, Class Accuracy: 0.863145
[2021-09-07 03:43:28,412][__main__][INFO] - Best Instance Accuracy: 0.903446, Class Accuracy: 0.866034
[2021-09-07 03:43:28,412][__main__][INFO] - Epoch 56 (56/250):
[2021-09-07 03:47:42,639][__main__][INFO] - Train Instance Accuracy: 0.842824
[2021-09-07 03:48:48,215][__main__][INFO] - Test Instance Accuracy: 0.897436, Class Accuracy: 0.855295
[2021-09-07 03:48:48,216][__main__][INFO] - Best Instance Accuracy: 0.903446, Class Accuracy: 0.866034
[2021-09-07 03:48:48,216][__main__][INFO] - Epoch 57 (57/250):
[2021-09-07 03:53:02,705][__main__][INFO] - Train Instance Accuracy: 0.844272
[2021-09-07 03:54:08,478][__main__][INFO] - Test Instance Accuracy: 0.901843, Class Accuracy: 0.866749
[2021-09-07 03:54:08,479][__main__][INFO] - Best Instance Accuracy: 0.903446, Class Accuracy: 0.866749
[2021-09-07 03:54:08,479][__main__][INFO] - Epoch 58 (58/250):
[2021-09-07 03:58:22,454][__main__][INFO] - Train Instance Accuracy: 0.845628
[2021-09-07 03:59:28,367][__main__][INFO] - Test Instance Accuracy: 0.904647, Class Accuracy: 0.867349
[2021-09-07 03:59:28,368][__main__][INFO] - Best Instance Accuracy: 0.904647, Class Accuracy: 0.867349
[2021-09-07 03:59:28,368][__main__][INFO] - Save model...
[2021-09-07 03:59:28,368][__main__][INFO] - Saving at best_model.pth
[2021-09-07 03:59:28,457][__main__][INFO] - Epoch 59 (59/250):
[2021-09-07 04:03:44,392][__main__][INFO] - Train Instance Accuracy: 0.847005
[2021-09-07 04:04:50,440][__main__][INFO] - Test Instance Accuracy: 0.905449, Class Accuracy: 0.870166
[2021-09-07 04:04:50,441][__main__][INFO] - Best Instance Accuracy: 0.905449, Class Accuracy: 0.870166
[2021-09-07 04:04:50,441][__main__][INFO] - Save model...
[2021-09-07 04:04:50,441][__main__][INFO] - Saving at best_model.pth
[2021-09-07 04:04:50,537][__main__][INFO] - Epoch 60 (60/250):
[2021-09-07 04:09:03,700][__main__][INFO] - Train Instance Accuracy: 0.848287
[2021-09-07 04:10:09,388][__main__][INFO] - Test Instance Accuracy: 0.901442, Class Accuracy: 0.864522
[2021-09-07 04:10:09,389][__main__][INFO] - Best Instance Accuracy: 0.905449, Class Accuracy: 0.870166
[2021-09-07 04:10:09,389][__main__][INFO] - Epoch 61 (61/250):
[2021-09-07 04:14:23,269][__main__][INFO] - Train Instance Accuracy: 0.849600
[2021-09-07 04:15:28,979][__main__][INFO] - Test Instance Accuracy: 0.907853, Class Accuracy: 0.869845
[2021-09-07 04:15:28,979][__main__][INFO] - Best Instance Accuracy: 0.907853, Class Accuracy: 0.870166
[2021-09-07 04:15:28,979][__main__][INFO] - Save model...
[2021-09-07 04:15:28,979][__main__][INFO] - Saving at best_model.pth
[2021-09-07 04:15:29,075][__main__][INFO] - Epoch 62 (62/250):
[2021-09-07 04:19:41,955][__main__][INFO] - Train Instance Accuracy: 0.850844
[2021-09-07 04:20:47,406][__main__][INFO] - Test Instance Accuracy: 0.907051, Class Accuracy: 0.876249
[2021-09-07 04:20:47,406][__main__][INFO] - Best Instance Accuracy: 0.907853, Class Accuracy: 0.876249
[2021-09-07 04:20:47,407][__main__][INFO] - Epoch 63 (63/250):
[2021-09-07 04:25:01,423][__main__][INFO] - Train Instance Accuracy: 0.851991
[2021-09-07 04:26:07,333][__main__][INFO] - Test Instance Accuracy: 0.903846, Class Accuracy: 0.868312
[2021-09-07 04:26:07,333][__main__][INFO] - Best Instance Accuracy: 0.907853, Class Accuracy: 0.876249
[2021-09-07 04:26:07,334][__main__][INFO] - Epoch 64 (64/250):
[2021-09-07 04:30:20,532][__main__][INFO] - Train Instance Accuracy: 0.853188
[2021-09-07 04:31:26,477][__main__][INFO] - Test Instance Accuracy: 0.905449, Class Accuracy: 0.870526
[2021-09-07 04:31:26,478][__main__][INFO] - Best Instance Accuracy: 0.907853, Class Accuracy: 0.876249
[2021-09-07 04:31:26,478][__main__][INFO] - Epoch 65 (65/250):
[2021-09-07 04:35:41,739][__main__][INFO] - Train Instance Accuracy: 0.854356
[2021-09-07 04:36:47,586][__main__][INFO] - Test Instance Accuracy: 0.901843, Class Accuracy: 0.867408
[2021-09-07 04:36:47,586][__main__][INFO] - Best Instance Accuracy: 0.907853, Class Accuracy: 0.876249
[2021-09-07 04:36:47,586][__main__][INFO] - Epoch 66 (66/250):
[2021-09-07 04:41:01,305][__main__][INFO] - Train Instance Accuracy: 0.855499
[2021-09-07 04:42:07,214][__main__][INFO] - Test Instance Accuracy: 0.906250, Class Accuracy: 0.871259
[2021-09-07 04:42:07,214][__main__][INFO] - Best Instance Accuracy: 0.907853, Class Accuracy: 0.876249
[2021-09-07 04:42:07,214][__main__][INFO] - Epoch 67 (67/250):
[2021-09-07 04:46:20,785][__main__][INFO] - Train Instance Accuracy: 0.856575
[2021-09-07 04:47:26,726][__main__][INFO] - Test Instance Accuracy: 0.905449, Class Accuracy: 0.864166
[2021-09-07 04:47:26,726][__main__][INFO] - Best Instance Accuracy: 0.907853, Class Accuracy: 0.876249
[2021-09-07 04:47:26,727][__main__][INFO] - Epoch 68 (68/250):
[2021-09-07 04:51:39,664][__main__][INFO] - Train Instance Accuracy: 0.857677
[2021-09-07 04:52:45,812][__main__][INFO] - Test Instance Accuracy: 0.901442, Class Accuracy: 0.864649
[2021-09-07 04:52:45,812][__main__][INFO] - Best Instance Accuracy: 0.907853, Class Accuracy: 0.876249
[2021-09-07 04:52:45,813][__main__][INFO] - Epoch 69 (69/250):
[2021-09-07 04:56:58,995][__main__][INFO] - Train Instance Accuracy: 0.858720
[2021-09-07 04:58:04,581][__main__][INFO] - Test Instance Accuracy: 0.901042, Class Accuracy: 0.869370
[2021-09-07 04:58:04,582][__main__][INFO] - Best Instance Accuracy: 0.907853, Class Accuracy: 0.876249
[2021-09-07 04:58:04,582][__main__][INFO] - Epoch 70 (70/250):
[2021-09-07 05:02:17,903][__main__][INFO] - Train Instance Accuracy: 0.859763
[2021-09-07 05:03:23,640][__main__][INFO] - Test Instance Accuracy: 0.905849, Class Accuracy: 0.877509
[2021-09-07 05:03:23,641][__main__][INFO] - Best Instance Accuracy: 0.907853, Class Accuracy: 0.877509
[2021-09-07 05:03:23,641][__main__][INFO] - Epoch 71 (71/250):
[2021-09-07 05:07:38,278][__main__][INFO] - Train Instance Accuracy: 0.860787
[2021-09-07 05:08:43,873][__main__][INFO] - Test Instance Accuracy: 0.899840, Class Accuracy: 0.865843
[2021-09-07 05:08:43,873][__main__][INFO] - Best Instance Accuracy: 0.907853, Class Accuracy: 0.877509
[2021-09-07 05:08:43,873][__main__][INFO] - Epoch 72 (72/250):
[2021-09-07 05:13:00,595][__main__][INFO] - Train Instance Accuracy: 0.861778
[2021-09-07 05:14:06,393][__main__][INFO] - Test Instance Accuracy: 0.907051, Class Accuracy: 0.866862
[2021-09-07 05:14:06,393][__main__][INFO] - Best Instance Accuracy: 0.907853, Class Accuracy: 0.877509
[2021-09-07 05:14:06,394][__main__][INFO] - Epoch 73 (73/250):
[2021-09-07 05:18:19,415][__main__][INFO] - Train Instance Accuracy: 0.862738
[2021-09-07 05:19:24,999][__main__][INFO] - Test Instance Accuracy: 0.903446, Class Accuracy: 0.861695
[2021-09-07 05:19:25,000][__main__][INFO] - Best Instance Accuracy: 0.907853, Class Accuracy: 0.877509
[2021-09-07 05:19:25,000][__main__][INFO] - Epoch 74 (74/250):
[2021-09-07 05:23:39,957][__main__][INFO] - Train Instance Accuracy: 0.863701
[2021-09-07 05:24:45,725][__main__][INFO] - Test Instance Accuracy: 0.903446, Class Accuracy: 0.873217
[2021-09-07 05:24:45,726][__main__][INFO] - Best Instance Accuracy: 0.907853, Class Accuracy: 0.877509
[2021-09-07 05:24:45,726][__main__][INFO] - Epoch 75 (75/250):
[2021-09-07 05:28:59,757][__main__][INFO] - Train Instance Accuracy: 0.864665
[2021-09-07 05:30:05,739][__main__][INFO] - Test Instance Accuracy: 0.904247, Class Accuracy: 0.870339
[2021-09-07 05:30:05,739][__main__][INFO] - Best Instance Accuracy: 0.907853, Class Accuracy: 0.877509
[2021-09-07 05:30:05,739][__main__][INFO] - Epoch 76 (76/250):
[2021-09-07 05:34:18,798][__main__][INFO] - Train Instance Accuracy: 0.865602
[2021-09-07 05:35:24,722][__main__][INFO] - Test Instance Accuracy: 0.905048, Class Accuracy: 0.864301
[2021-09-07 05:35:24,722][__main__][INFO] - Best Instance Accuracy: 0.907853, Class Accuracy: 0.877509
[2021-09-07 05:35:24,723][__main__][INFO] - Epoch 77 (77/250):
[2021-09-07 05:39:38,493][__main__][INFO] - Train Instance Accuracy: 0.866516
[2021-09-07 05:40:44,379][__main__][INFO] - Test Instance Accuracy: 0.907452, Class Accuracy: 0.870734
[2021-09-07 05:40:44,380][__main__][INFO] - Best Instance Accuracy: 0.907853, Class Accuracy: 0.877509
[2021-09-07 05:40:44,380][__main__][INFO] - Epoch 78 (78/250):
[2021-09-07 05:44:57,995][__main__][INFO] - Train Instance Accuracy: 0.867400
[2021-09-07 05:46:03,818][__main__][INFO] - Test Instance Accuracy: 0.908253, Class Accuracy: 0.870475
[2021-09-07 05:46:03,818][__main__][INFO] - Best Instance Accuracy: 0.908253, Class Accuracy: 0.877509
[2021-09-07 05:46:03,819][__main__][INFO] - Save model...
[2021-09-07 05:46:03,819][__main__][INFO] - Saving at best_model.pth
[2021-09-07 05:46:03,908][__main__][INFO] - Epoch 79 (79/250):
[2021-09-07 05:50:18,350][__main__][INFO] - Train Instance Accuracy: 0.868268
[2021-09-07 05:51:24,305][__main__][INFO] - Test Instance Accuracy: 0.906250, Class Accuracy: 0.872181
[2021-09-07 05:51:24,305][__main__][INFO] - Best Instance Accuracy: 0.908253, Class Accuracy: 0.877509
[2021-09-07 05:51:24,305][__main__][INFO] - Epoch 80 (80/250):
[2021-09-07 05:55:37,570][__main__][INFO] - Train Instance Accuracy: 0.869084
[2021-09-07 05:56:43,563][__main__][INFO] - Test Instance Accuracy: 0.907051, Class Accuracy: 0.870696
[2021-09-07 05:56:43,563][__main__][INFO] - Best Instance Accuracy: 0.908253, Class Accuracy: 0.877509
[2021-09-07 05:56:43,563][__main__][INFO] - Epoch 81 (81/250):
[2021-09-07 06:00:57,277][__main__][INFO] - Train Instance Accuracy: 0.869926
[2021-09-07 06:02:03,258][__main__][INFO] - Test Instance Accuracy: 0.899840, Class Accuracy: 0.862864
[2021-09-07 06:02:03,259][__main__][INFO] - Best Instance Accuracy: 0.908253, Class Accuracy: 0.877509
[2021-09-07 06:02:03,259][__main__][INFO] - Epoch 82 (82/250):
[2021-09-07 06:06:16,745][__main__][INFO] - Train Instance Accuracy: 0.870767
[2021-09-07 06:07:22,714][__main__][INFO] - Test Instance Accuracy: 0.899840, Class Accuracy: 0.857988
[2021-09-07 06:07:22,714][__main__][INFO] - Best Instance Accuracy: 0.908253, Class Accuracy: 0.877509
[2021-09-07 06:07:22,715][__main__][INFO] - Epoch 83 (83/250):
[2021-09-07 06:11:36,726][__main__][INFO] - Train Instance Accuracy: 0.871593
[2021-09-07 06:12:42,735][__main__][INFO] - Test Instance Accuracy: 0.903045, Class Accuracy: 0.872697
[2021-09-07 06:12:42,736][__main__][INFO] - Best Instance Accuracy: 0.908253, Class Accuracy: 0.877509
[2021-09-07 06:12:42,736][__main__][INFO] - Epoch 84 (84/250):
[2021-09-07 06:16:58,444][__main__][INFO] - Train Instance Accuracy: 0.872400
[2021-09-07 06:18:04,413][__main__][INFO] - Test Instance Accuracy: 0.903446, Class Accuracy: 0.871482
[2021-09-07 06:18:04,413][__main__][INFO] - Best Instance Accuracy: 0.908253, Class Accuracy: 0.877509
[2021-09-07 06:18:04,414][__main__][INFO] - Epoch 85 (85/250):
[2021-09-07 06:22:18,728][__main__][INFO] - Train Instance Accuracy: 0.873148
[2021-09-07 06:23:24,745][__main__][INFO] - Test Instance Accuracy: 0.910256, Class Accuracy: 0.872571
[2021-09-07 06:23:24,745][__main__][INFO] - Best Instance Accuracy: 0.910256, Class Accuracy: 0.877509
[2021-09-07 06:23:24,745][__main__][INFO] - Save model...
[2021-09-07 06:23:24,746][__main__][INFO] - Saving at best_model.pth
[2021-09-07 06:23:24,845][__main__][INFO] - Epoch 86 (86/250):
[2021-09-07 06:27:39,001][__main__][INFO] - Train Instance Accuracy: 0.873881
[2021-09-07 06:28:45,062][__main__][INFO] - Test Instance Accuracy: 0.904247, Class Accuracy: 0.864501
[2021-09-07 06:28:45,062][__main__][INFO] - Best Instance Accuracy: 0.910256, Class Accuracy: 0.877509
[2021-09-07 06:28:45,063][__main__][INFO] - Epoch 87 (87/250):
[2021-09-07 06:33:00,452][__main__][INFO] - Train Instance Accuracy: 0.874630
[2021-09-07 06:34:06,380][__main__][INFO] - Test Instance Accuracy: 0.899038, Class Accuracy: 0.862662
[2021-09-07 06:34:06,381][__main__][INFO] - Best Instance Accuracy: 0.910256, Class Accuracy: 0.877509
[2021-09-07 06:34:06,381][__main__][INFO] - Epoch 88 (88/250):
[2021-09-07 06:38:19,388][__main__][INFO] - Train Instance Accuracy: 0.875366
[2021-09-07 06:39:25,565][__main__][INFO] - Test Instance Accuracy: 0.900240, Class Accuracy: 0.862773
[2021-09-07 06:39:25,565][__main__][INFO] - Best Instance Accuracy: 0.910256, Class Accuracy: 0.877509
[2021-09-07 06:39:25,565][__main__][INFO] - Epoch 89 (89/250):
[2021-09-07 06:43:39,516][__main__][INFO] - Train Instance Accuracy: 0.876126
[2021-09-07 06:44:45,733][__main__][INFO] - Test Instance Accuracy: 0.898638, Class Accuracy: 0.864088
[2021-09-07 06:44:45,733][__main__][INFO] - Best Instance Accuracy: 0.910256, Class Accuracy: 0.877509
[2021-09-07 06:44:45,733][__main__][INFO] - Epoch 90 (90/250):
[2021-09-07 06:48:58,946][__main__][INFO] - Train Instance Accuracy: 0.876854
[2021-09-07 06:50:04,892][__main__][INFO] - Test Instance Accuracy: 0.897436, Class Accuracy: 0.868275
[2021-09-07 06:50:04,892][__main__][INFO] - Best Instance Accuracy: 0.910256, Class Accuracy: 0.877509
[2021-09-07 06:50:04,893][__main__][INFO] - Epoch 91 (91/250):
[2021-09-07 06:54:19,096][__main__][INFO] - Train Instance Accuracy: 0.877580
[2021-09-07 06:55:25,006][__main__][INFO] - Test Instance Accuracy: 0.893830, Class Accuracy: 0.861497
[2021-09-07 06:55:25,007][__main__][INFO] - Best Instance Accuracy: 0.910256, Class Accuracy: 0.877509
[2021-09-07 06:55:25,007][__main__][INFO] - Epoch 92 (92/250):
[2021-09-07 06:59:37,872][__main__][INFO] - Train Instance Accuracy: 0.878268
[2021-09-07 07:00:44,050][__main__][INFO] - Test Instance Accuracy: 0.899439, Class Accuracy: 0.862440
[2021-09-07 07:00:44,050][__main__][INFO] - Best Instance Accuracy: 0.910256, Class Accuracy: 0.877509
[2021-09-07 07:00:44,051][__main__][INFO] - Epoch 93 (93/250):
[2021-09-07 07:04:58,418][__main__][INFO] - Train Instance Accuracy: 0.878918
[2021-09-07 07:06:04,332][__main__][INFO] - Test Instance Accuracy: 0.907051, Class Accuracy: 0.870803
[2021-09-07 07:06:04,332][__main__][INFO] - Best Instance Accuracy: 0.910256, Class Accuracy: 0.877509
[2021-09-07 07:06:04,333][__main__][INFO] - Epoch 94 (94/250):
[2021-09-07 07:10:19,581][__main__][INFO] - Train Instance Accuracy: 0.879609
[2021-09-07 07:11:25,531][__main__][INFO] - Test Instance Accuracy: 0.904647, Class Accuracy: 0.869340
[2021-09-07 07:11:25,531][__main__][INFO] - Best Instance Accuracy: 0.910256, Class Accuracy: 0.877509
[2021-09-07 07:11:25,532][__main__][INFO] - Epoch 95 (95/250):
[2021-09-07 07:15:39,765][__main__][INFO] - Train Instance Accuracy: 0.880288
[2021-09-07 07:16:45,692][__main__][INFO] - Test Instance Accuracy: 0.901843, Class Accuracy: 0.869114
[2021-09-07 07:16:45,692][__main__][INFO] - Best Instance Accuracy: 0.910256, Class Accuracy: 0.877509
[2021-09-07 07:16:45,693][__main__][INFO] - Epoch 96 (96/250):
[2021-09-07 07:20:58,879][__main__][INFO] - Train Instance Accuracy: 0.880923
[2021-09-07 07:22:04,713][__main__][INFO] - Test Instance Accuracy: 0.908654, Class Accuracy: 0.872967
[2021-09-07 07:22:04,714][__main__][INFO] - Best Instance Accuracy: 0.910256, Class Accuracy: 0.877509
[2021-09-07 07:22:04,714][__main__][INFO] - Epoch 97 (97/250):
[2021-09-07 07:26:19,694][__main__][INFO] - Train Instance Accuracy: 0.881586
[2021-09-07 07:27:25,571][__main__][INFO] - Test Instance Accuracy: 0.899840, Class Accuracy: 0.862845
[2021-09-07 07:27:25,572][__main__][INFO] - Best Instance Accuracy: 0.910256, Class Accuracy: 0.877509
[2021-09-07 07:27:25,572][__main__][INFO] - Epoch 98 (98/250):
[2021-09-07 07:31:38,773][__main__][INFO] - Train Instance Accuracy: 0.882238
[2021-09-07 07:32:44,645][__main__][INFO] - Test Instance Accuracy: 0.899439, Class Accuracy: 0.866124
[2021-09-07 07:32:44,645][__main__][INFO] - Best Instance Accuracy: 0.910256, Class Accuracy: 0.877509
[2021-09-07 07:32:44,645][__main__][INFO] - Epoch 99 (99/250):
[2021-09-07 07:36:59,884][__main__][INFO] - Train Instance Accuracy: 0.882857
[2021-09-07 07:38:05,635][__main__][INFO] - Test Instance Accuracy: 0.897436, Class Accuracy: 0.863941
[2021-09-07 07:38:05,636][__main__][INFO] - Best Instance Accuracy: 0.910256, Class Accuracy: 0.877509
[2021-09-07 07:38:05,636][__main__][INFO] - Epoch 100 (100/250):
[2021-09-07 07:42:18,737][__main__][INFO] - Train Instance Accuracy: 0.883449
[2021-09-07 07:43:24,857][__main__][INFO] - Test Instance Accuracy: 0.899439, Class Accuracy: 0.863529
[2021-09-07 07:43:24,858][__main__][INFO] - Best Instance Accuracy: 0.910256, Class Accuracy: 0.877509
[2021-09-07 07:43:24,858][__main__][INFO] - Epoch 101 (101/250):
[2021-09-07 07:47:38,839][__main__][INFO] - Train Instance Accuracy: 0.884079
[2021-09-07 07:48:44,729][__main__][INFO] - Test Instance Accuracy: 0.902244, Class Accuracy: 0.865046
[2021-09-07 07:48:44,729][__main__][INFO] - Best Instance Accuracy: 0.910256, Class Accuracy: 0.877509
[2021-09-07 07:48:44,730][__main__][INFO] - Epoch 102 (102/250):
[2021-09-07 07:52:58,703][__main__][INFO] - Train Instance Accuracy: 0.884742
[2021-09-07 07:54:05,122][__main__][INFO] - Test Instance Accuracy: 0.905449, Class Accuracy: 0.866605
[2021-09-07 07:54:05,122][__main__][INFO] - Best Instance Accuracy: 0.910256, Class Accuracy: 0.877509
[2021-09-07 07:54:05,123][__main__][INFO] - Epoch 103 (103/250):
[2021-09-07 07:58:18,065][__main__][INFO] - Train Instance Accuracy: 0.885362
[2021-09-07 07:59:23,985][__main__][INFO] - Test Instance Accuracy: 0.900240, Class Accuracy: 0.863002
[2021-09-07 07:59:23,985][__main__][INFO] - Best Instance Accuracy: 0.910256, Class Accuracy: 0.877509
[2021-09-07 07:59:23,985][__main__][INFO] - Epoch 104 (104/250):
[2021-09-07 08:03:36,608][__main__][INFO] - Train Instance Accuracy: 0.885966
[2021-09-07 08:04:42,752][__main__][INFO] - Test Instance Accuracy: 0.902244, Class Accuracy: 0.861876
[2021-09-07 08:04:42,752][__main__][INFO] - Best Instance Accuracy: 0.910256, Class Accuracy: 0.877509
[2021-09-07 08:04:42,752][__main__][INFO] - Epoch 105 (105/250):
[2021-09-07 08:08:56,908][__main__][INFO] - Train Instance Accuracy: 0.886561
[2021-09-07 08:10:03,131][__main__][INFO] - Test Instance Accuracy: 0.897837, Class Accuracy: 0.860673
[2021-09-07 08:10:03,132][__main__][INFO] - Best Instance Accuracy: 0.910256, Class Accuracy: 0.877509
[2021-09-07 08:10:03,132][__main__][INFO] - Epoch 106 (106/250):
[2021-09-07 08:14:16,912][__main__][INFO] - Train Instance Accuracy: 0.887155
[2021-09-07 08:15:22,909][__main__][INFO] - Test Instance Accuracy: 0.900641, Class Accuracy: 0.868273
[2021-09-07 08:15:22,909][__main__][INFO] - Best Instance Accuracy: 0.910256, Class Accuracy: 0.877509
[2021-09-07 08:15:22,909][__main__][INFO] - Epoch 107 (107/250):
[2021-09-07 08:19:35,919][__main__][INFO] - Train Instance Accuracy: 0.887755
[2021-09-07 08:20:41,508][__main__][INFO] - Test Instance Accuracy: 0.901042, Class Accuracy: 0.861229
[2021-09-07 08:20:41,509][__main__][INFO] - Best Instance Accuracy: 0.910256, Class Accuracy: 0.877509
[2021-09-07 08:20:41,509][__main__][INFO] - Epoch 108 (108/250):
[2021-09-07 08:24:56,456][__main__][INFO] - Train Instance Accuracy: 0.888347
[2021-09-07 08:26:02,190][__main__][INFO] - Test Instance Accuracy: 0.904247, Class Accuracy: 0.867019
[2021-09-07 08:26:02,191][__main__][INFO] - Best Instance Accuracy: 0.910256, Class Accuracy: 0.877509
[2021-09-07 08:26:02,191][__main__][INFO] - Epoch 109 (109/250):
[2021-09-07 08:30:15,364][__main__][INFO] - Train Instance Accuracy: 0.888952
[2021-09-07 08:31:21,253][__main__][INFO] - Test Instance Accuracy: 0.901843, Class Accuracy: 0.868191
[2021-09-07 08:31:21,253][__main__][INFO] - Best Instance Accuracy: 0.910256, Class Accuracy: 0.877509
[2021-09-07 08:31:21,254][__main__][INFO] - Epoch 110 (110/250):
[2021-09-07 08:35:34,573][__main__][INFO] - Train Instance Accuracy: 0.889541
[2021-09-07 08:36:40,408][__main__][INFO] - Test Instance Accuracy: 0.901442, Class Accuracy: 0.865164
[2021-09-07 08:36:40,409][__main__][INFO] - Best Instance Accuracy: 0.910256, Class Accuracy: 0.877509
[2021-09-07 08:36:40,409][__main__][INFO] - Epoch 111 (111/250):
[2021-09-07 08:40:55,556][__main__][INFO] - Train Instance Accuracy: 0.890127
[2021-09-07 08:42:01,509][__main__][INFO] - Test Instance Accuracy: 0.902244, Class Accuracy: 0.870517
[2021-09-07 08:42:01,509][__main__][INFO] - Best Instance Accuracy: 0.910256, Class Accuracy: 0.877509
[2021-09-07 08:42:01,510][__main__][INFO] - Epoch 112 (112/250):
[2021-09-07 08:46:15,576][__main__][INFO] - Train Instance Accuracy: 0.890695
[2021-09-07 08:47:21,449][__main__][INFO] - Test Instance Accuracy: 0.903045, Class Accuracy: 0.868764
[2021-09-07 08:47:21,449][__main__][INFO] - Best Instance Accuracy: 0.910256, Class Accuracy: 0.877509
[2021-09-07 08:47:21,450][__main__][INFO] - Epoch 113 (113/250):
[2021-09-07 08:51:34,319][__main__][INFO] - Train Instance Accuracy: 0.891247
[2021-09-07 08:52:40,195][__main__][INFO] - Test Instance Accuracy: 0.906250, Class Accuracy: 0.871136
[2021-09-07 08:52:40,195][__main__][INFO] - Best Instance Accuracy: 0.910256, Class Accuracy: 0.877509
[2021-09-07 08:52:40,195][__main__][INFO] - Epoch 114 (114/250):
[2021-09-07 08:56:54,003][__main__][INFO] - Train Instance Accuracy: 0.891791
[2021-09-07 08:57:59,848][__main__][INFO] - Test Instance Accuracy: 0.900240, Class Accuracy: 0.863744
[2021-09-07 08:57:59,848][__main__][INFO] - Best Instance Accuracy: 0.910256, Class Accuracy: 0.877509
[2021-09-07 08:57:59,849][__main__][INFO] - Epoch 115 (115/250):
[2021-09-07 09:02:13,456][__main__][INFO] - Train Instance Accuracy: 0.892314
[2021-09-07 09:03:19,271][__main__][INFO] - Test Instance Accuracy: 0.904647, Class Accuracy: 0.870555
[2021-09-07 09:03:19,271][__main__][INFO] - Best Instance Accuracy: 0.910256, Class Accuracy: 0.877509
[2021-09-07 09:03:19,272][__main__][INFO] - Epoch 116 (116/250):
[2021-09-07 09:07:36,816][__main__][INFO] - Train Instance Accuracy: 0.892835
[2021-09-07 09:08:42,849][__main__][INFO] - Test Instance Accuracy: 0.900240, Class Accuracy: 0.866160
[2021-09-07 09:08:42,849][__main__][INFO] - Best Instance Accuracy: 0.910256, Class Accuracy: 0.877509
[2021-09-07 09:08:42,850][__main__][INFO] - Epoch 117 (117/250):
[2021-09-07 09:12:57,389][__main__][INFO] - Train Instance Accuracy: 0.893331
[2021-09-07 09:14:03,414][__main__][INFO] - Test Instance Accuracy: 0.900641, Class Accuracy: 0.865023
[2021-09-07 09:14:03,415][__main__][INFO] - Best Instance Accuracy: 0.910256, Class Accuracy: 0.877509
[2021-09-07 09:14:03,415][__main__][INFO] - Epoch 118 (118/250):
[2021-09-07 09:18:16,375][__main__][INFO] - Train Instance Accuracy: 0.893849
[2021-09-07 09:19:22,284][__main__][INFO] - Test Instance Accuracy: 0.902244, Class Accuracy: 0.869720
[2021-09-07 09:19:22,284][__main__][INFO] - Best Instance Accuracy: 0.910256, Class Accuracy: 0.877509
[2021-09-07 09:19:22,285][__main__][INFO] - Epoch 119 (119/250):
[2021-09-07 09:23:37,338][__main__][INFO] - Train Instance Accuracy: 0.894367
[2021-09-07 09:24:43,747][__main__][INFO] - Test Instance Accuracy: 0.900240, Class Accuracy: 0.864731
[2021-09-07 09:24:43,748][__main__][INFO] - Best Instance Accuracy: 0.910256, Class Accuracy: 0.877509
[2021-09-07 09:24:43,748][__main__][INFO] - Epoch 120 (120/250):
[2021-09-07 09:29:38,975][__main__][INFO] - Train Instance Accuracy: 0.894881
[2021-09-07 09:30:47,259][__main__][INFO] - Test Instance Accuracy: 0.902244, Class Accuracy: 0.871451
[2021-09-07 09:30:47,259][__main__][INFO] - Best Instance Accuracy: 0.910256, Class Accuracy: 0.877509
[2021-09-07 09:30:47,260][__main__][INFO] - Epoch 121 (121/250):
[2021-09-07 09:35:00,850][__main__][INFO] - Train Instance Accuracy: 0.895347
[2021-09-07 09:36:06,364][__main__][INFO] - Test Instance Accuracy: 0.903045, Class Accuracy: 0.872273
[2021-09-07 09:36:06,365][__main__][INFO] - Best Instance Accuracy: 0.910256, Class Accuracy: 0.877509
[2021-09-07 09:36:06,365][__main__][INFO] - Epoch 122 (122/250):
[2021-09-07 09:40:18,691][__main__][INFO] - Train Instance Accuracy: 0.895811
[2021-09-07 09:41:24,238][__main__][INFO] - Test Instance Accuracy: 0.907452, Class Accuracy: 0.877003
[2021-09-07 09:41:24,238][__main__][INFO] - Best Instance Accuracy: 0.910256, Class Accuracy: 0.877509
[2021-09-07 09:41:24,239][__main__][INFO] - Epoch 123 (123/250):
[2021-09-07 09:45:34,690][__main__][INFO] - Train Instance Accuracy: 0.896276
[2021-09-07 09:46:40,043][__main__][INFO] - Test Instance Accuracy: 0.901843, Class Accuracy: 0.871355
[2021-09-07 09:46:40,043][__main__][INFO] - Best Instance Accuracy: 0.910256, Class Accuracy: 0.877509
[2021-09-07 09:46:40,044][__main__][INFO] - Epoch 124 (124/250):
[2021-09-07 09:50:50,740][__main__][INFO] - Train Instance Accuracy: 0.896761
[2021-09-07 09:51:56,325][__main__][INFO] - Test Instance Accuracy: 0.904647, Class Accuracy: 0.868723
[2021-09-07 09:51:56,326][__main__][INFO] - Best Instance Accuracy: 0.910256, Class Accuracy: 0.877509
[2021-09-07 09:51:56,326][__main__][INFO] - Epoch 125 (125/250):
[2021-09-07 09:56:06,502][__main__][INFO] - Train Instance Accuracy: 0.897216
[2021-09-07 09:57:11,892][__main__][INFO] - Test Instance Accuracy: 0.903446, Class Accuracy: 0.867973
[2021-09-07 09:57:11,892][__main__][INFO] - Best Instance Accuracy: 0.910256, Class Accuracy: 0.877509
[2021-09-07 09:57:11,893][__main__][INFO] - Epoch 126 (126/250):
[2021-09-07 10:01:24,486][__main__][INFO] - Train Instance Accuracy: 0.897672
[2021-09-07 10:02:29,801][__main__][INFO] - Test Instance Accuracy: 0.900240, Class Accuracy: 0.866977
[2021-09-07 10:02:29,801][__main__][INFO] - Best Instance Accuracy: 0.910256, Class Accuracy: 0.877509
[2021-09-07 10:02:29,802][__main__][INFO] - Epoch 127 (127/250):
[2021-09-07 10:06:40,479][__main__][INFO] - Train Instance Accuracy: 0.898126
[2021-09-07 10:07:45,956][__main__][INFO] - Test Instance Accuracy: 0.903045, Class Accuracy: 0.869795
[2021-09-07 10:07:45,957][__main__][INFO] - Best Instance Accuracy: 0.910256, Class Accuracy: 0.877509
[2021-09-07 10:07:45,957][__main__][INFO] - Epoch 128 (128/250):
[2021-09-07 10:11:56,770][__main__][INFO] - Train Instance Accuracy: 0.898587
[2021-09-07 10:13:02,380][__main__][INFO] - Test Instance Accuracy: 0.900240, Class Accuracy: 0.866608
[2021-09-07 10:13:02,380][__main__][INFO] - Best Instance Accuracy: 0.910256, Class Accuracy: 0.877509
[2021-09-07 10:13:02,381][__main__][INFO] - Epoch 129 (129/250):
[2021-09-07 10:17:14,538][__main__][INFO] - Train Instance Accuracy: 0.899042
[2021-09-07 10:18:19,755][__main__][INFO] - Test Instance Accuracy: 0.900641, Class Accuracy: 0.866484
[2021-09-07 10:18:19,755][__main__][INFO] - Best Instance Accuracy: 0.910256, Class Accuracy: 0.877509
[2021-09-07 10:18:19,756][__main__][INFO] - Epoch 130 (130/250):
[2021-09-07 10:22:30,646][__main__][INFO] - Train Instance Accuracy: 0.899491
[2021-09-07 10:23:51,374][__main__][INFO] - Test Instance Accuracy: 0.901843, Class Accuracy: 0.867565
[2021-09-07 10:23:51,375][__main__][INFO] - Best Instance Accuracy: 0.910256, Class Accuracy: 0.877509
[2021-09-07 10:23:51,375][__main__][INFO] - Epoch 131 (131/250):
[2021-09-07 10:28:25,788][__main__][INFO] - Train Instance Accuracy: 0.899921
[2021-09-07 10:29:46,266][__main__][INFO] - Test Instance Accuracy: 0.901042, Class Accuracy: 0.865096
[2021-09-07 10:29:46,267][__main__][INFO] - Best Instance Accuracy: 0.910256, Class Accuracy: 0.877509
[2021-09-07 10:29:46,267][__main__][INFO] - Epoch 132 (132/250):
[2021-09-07 10:34:00,935][__main__][INFO] - Train Instance Accuracy: 0.900341
[2021-09-07 10:35:06,666][__main__][INFO] - Test Instance Accuracy: 0.901042, Class Accuracy: 0.865439
[2021-09-07 10:35:06,666][__main__][INFO] - Best Instance Accuracy: 0.910256, Class Accuracy: 0.877509
[2021-09-07 10:35:06,667][__main__][INFO] - Epoch 133 (133/250):
[2021-09-07 10:39:17,487][__main__][INFO] - Train Instance Accuracy: 0.900769
[2021-09-07 10:40:23,218][__main__][INFO] - Test Instance Accuracy: 0.909054, Class Accuracy: 0.879143
[2021-09-07 10:40:23,219][__main__][INFO] - Best Instance Accuracy: 0.910256, Class Accuracy: 0.879143
[2021-09-07 10:40:23,219][__main__][INFO] - Epoch 134 (134/250):
[2021-09-07 10:44:35,340][__main__][INFO] - Train Instance Accuracy: 0.901195
[2021-09-07 10:45:41,002][__main__][INFO] - Test Instance Accuracy: 0.903045, Class Accuracy: 0.870417
[2021-09-07 10:45:41,002][__main__][INFO] - Best Instance Accuracy: 0.910256, Class Accuracy: 0.879143
[2021-09-07 10:45:41,002][__main__][INFO] - Epoch 135 (135/250):
[2021-09-07 10:49:53,177][__main__][INFO] - Train Instance Accuracy: 0.901595
[2021-09-07 10:50:59,118][__main__][INFO] - Test Instance Accuracy: 0.906250, Class Accuracy: 0.871854
[2021-09-07 10:50:59,118][__main__][INFO] - Best Instance Accuracy: 0.910256, Class Accuracy: 0.879143
[2021-09-07 10:50:59,119][__main__][INFO] - Epoch 136 (136/250):
[2021-09-07 10:55:10,281][__main__][INFO] - Train Instance Accuracy: 0.901987
[2021-09-07 10:56:15,788][__main__][INFO] - Test Instance Accuracy: 0.906250, Class Accuracy: 0.875510
[2021-09-07 10:56:15,788][__main__][INFO] - Best Instance Accuracy: 0.910256, Class Accuracy: 0.879143
[2021-09-07 10:56:15,789][__main__][INFO] - Epoch 137 (137/250):
[2021-09-07 11:00:26,286][__main__][INFO] - Train Instance Accuracy: 0.902378
[2021-09-07 11:01:31,770][__main__][INFO] - Test Instance Accuracy: 0.902244, Class Accuracy: 0.868307
[2021-09-07 11:01:31,771][__main__][INFO] - Best Instance Accuracy: 0.910256, Class Accuracy: 0.879143
[2021-09-07 11:01:31,771][__main__][INFO] - Epoch 138 (138/250):
[2021-09-07 11:05:42,848][__main__][INFO] - Train Instance Accuracy: 0.902771
[2021-09-07 11:06:48,371][__main__][INFO] - Test Instance Accuracy: 0.900641, Class Accuracy: 0.865906
[2021-09-07 11:06:48,372][__main__][INFO] - Best Instance Accuracy: 0.910256, Class Accuracy: 0.879143
[2021-09-07 11:06:48,372][__main__][INFO] - Epoch 139 (139/250):
[2021-09-07 11:10:59,913][__main__][INFO] - Train Instance Accuracy: 0.903161
[2021-09-07 11:12:05,432][__main__][INFO] - Test Instance Accuracy: 0.903846, Class Accuracy: 0.869429
[2021-09-07 11:12:05,433][__main__][INFO] - Best Instance Accuracy: 0.910256, Class Accuracy: 0.879143
[2021-09-07 11:12:05,433][__main__][INFO] - Epoch 140 (140/250):
[2021-09-07 11:16:16,234][__main__][INFO] - Train Instance Accuracy: 0.903532
[2021-09-07 11:17:21,899][__main__][INFO] - Test Instance Accuracy: 0.902644, Class Accuracy: 0.866481
[2021-09-07 11:17:21,900][__main__][INFO] - Best Instance Accuracy: 0.910256, Class Accuracy: 0.879143
[2021-09-07 11:17:21,900][__main__][INFO] - Epoch 141 (141/250):
[2021-09-07 11:21:34,228][__main__][INFO] - Train Instance Accuracy: 0.903903
[2021-09-07 11:22:39,731][__main__][INFO] - Test Instance Accuracy: 0.905449, Class Accuracy: 0.875918
[2021-09-07 11:22:39,731][__main__][INFO] - Best Instance Accuracy: 0.910256, Class Accuracy: 0.879143
[2021-09-07 11:22:39,732][__main__][INFO] - Epoch 142 (142/250):
[2021-09-07 11:26:50,245][__main__][INFO] - Train Instance Accuracy: 0.904269
[2021-09-07 11:27:55,573][__main__][INFO] - Test Instance Accuracy: 0.899439, Class Accuracy: 0.865172
[2021-09-07 11:27:55,573][__main__][INFO] - Best Instance Accuracy: 0.910256, Class Accuracy: 0.879143
[2021-09-07 11:27:55,574][__main__][INFO] - Epoch 143 (143/250):
[2021-09-07 11:32:06,595][__main__][INFO] - Train Instance Accuracy: 0.904622
[2021-09-07 11:33:12,255][__main__][INFO] - Test Instance Accuracy: 0.901442, Class Accuracy: 0.871763
[2021-09-07 11:33:12,256][__main__][INFO] - Best Instance Accuracy: 0.910256, Class Accuracy: 0.879143
[2021-09-07 11:33:12,256][__main__][INFO] - Epoch 144 (144/250):
[2021-09-07 11:37:24,570][__main__][INFO] - Train Instance Accuracy: 0.905006
[2021-09-07 11:38:29,878][__main__][INFO] - Test Instance Accuracy: 0.903045, Class Accuracy: 0.872993
[2021-09-07 11:38:29,879][__main__][INFO] - Best Instance Accuracy: 0.910256, Class Accuracy: 0.879143
[2021-09-07 11:38:29,879][__main__][INFO] - Epoch 145 (145/250):
[2021-09-07 11:42:40,605][__main__][INFO] - Train Instance Accuracy: 0.905369
[2021-09-07 11:43:46,268][__main__][INFO] - Test Instance Accuracy: 0.902244, Class Accuracy: 0.869968
[2021-09-07 11:43:46,268][__main__][INFO] - Best Instance Accuracy: 0.910256, Class Accuracy: 0.879143
[2021-09-07 11:43:46,269][__main__][INFO] - Epoch 146 (146/250):
[2021-09-07 11:47:56,796][__main__][INFO] - Train Instance Accuracy: 0.905734
[2021-09-07 11:49:02,272][__main__][INFO] - Test Instance Accuracy: 0.899840, Class Accuracy: 0.866417
[2021-09-07 11:49:02,273][__main__][INFO] - Best Instance Accuracy: 0.910256, Class Accuracy: 0.879143
[2021-09-07 11:49:02,273][__main__][INFO] - Epoch 147 (147/250):
[2021-09-07 11:53:12,215][__main__][INFO] - Train Instance Accuracy: 0.906103
[2021-09-07 11:54:17,904][__main__][INFO] - Test Instance Accuracy: 0.903045, Class Accuracy: 0.871101
[2021-09-07 11:54:17,904][__main__][INFO] - Best Instance Accuracy: 0.910256, Class Accuracy: 0.879143
[2021-09-07 11:54:17,905][__main__][INFO] - Epoch 148 (148/250):
[2021-09-07 11:58:29,652][__main__][INFO] - Train Instance Accuracy: 0.906468
[2021-09-07 11:59:35,035][__main__][INFO] - Test Instance Accuracy: 0.905849, Class Accuracy: 0.875605
[2021-09-07 11:59:35,035][__main__][INFO] - Best Instance Accuracy: 0.910256, Class Accuracy: 0.879143
[2021-09-07 11:59:35,036][__main__][INFO] - Epoch 149 (149/250):
[2021-09-07 12:03:46,890][__main__][INFO] - Train Instance Accuracy: 0.906817
[2021-09-07 12:04:52,082][__main__][INFO] - Test Instance Accuracy: 0.903045, Class Accuracy: 0.875202
[2021-09-07 12:04:52,082][__main__][INFO] - Best Instance Accuracy: 0.910256, Class Accuracy: 0.879143
[2021-09-07 12:04:52,083][__main__][INFO] - Epoch 150 (150/250):
[2021-09-07 12:09:04,747][__main__][INFO] - Train Instance Accuracy: 0.907159
[2021-09-07 12:10:10,028][__main__][INFO] - Test Instance Accuracy: 0.903045, Class Accuracy: 0.868568
[2021-09-07 12:10:10,029][__main__][INFO] - Best Instance Accuracy: 0.910256, Class Accuracy: 0.879143
[2021-09-07 12:10:10,029][__main__][INFO] - Epoch 151 (151/250):
[2021-09-07 12:14:20,335][__main__][INFO] - Train Instance Accuracy: 0.907511
[2021-09-07 12:15:25,532][__main__][INFO] - Test Instance Accuracy: 0.903446, Class Accuracy: 0.870202
[2021-09-07 12:15:25,533][__main__][INFO] - Best Instance Accuracy: 0.910256, Class Accuracy: 0.879143
[2021-09-07 12:15:25,533][__main__][INFO] - Epoch 152 (152/250):
[2021-09-07 12:19:35,728][__main__][INFO] - Train Instance Accuracy: 0.907863
[2021-09-07 12:20:41,262][__main__][INFO] - Test Instance Accuracy: 0.901042, Class Accuracy: 0.869784
[2021-09-07 12:20:41,263][__main__][INFO] - Best Instance Accuracy: 0.910256, Class Accuracy: 0.879143
[2021-09-07 12:20:41,263][__main__][INFO] - Epoch 153 (153/250):
[2021-09-07 12:24:52,371][__main__][INFO] - Train Instance Accuracy: 0.908204
[2021-09-07 12:25:57,823][__main__][INFO] - Test Instance Accuracy: 0.901442, Class Accuracy: 0.869028
[2021-09-07 12:25:57,824][__main__][INFO] - Best Instance Accuracy: 0.910256, Class Accuracy: 0.879143
[2021-09-07 12:25:57,824][__main__][INFO] - Epoch 154 (154/250):
[2021-09-07 12:30:09,011][__main__][INFO] - Train Instance Accuracy: 0.908537
[2021-09-07 12:31:14,162][__main__][INFO] - Test Instance Accuracy: 0.899840, Class Accuracy: 0.866898
[2021-09-07 12:31:14,163][__main__][INFO] - Best Instance Accuracy: 0.910256, Class Accuracy: 0.879143
[2021-09-07 12:31:14,163][__main__][INFO] - Epoch 155 (155/250):
[2021-09-07 12:35:25,959][__main__][INFO] - Train Instance Accuracy: 0.908858
[2021-09-07 12:36:31,056][__main__][INFO] - Test Instance Accuracy: 0.902644, Class Accuracy: 0.873123
[2021-09-07 12:36:31,056][__main__][INFO] - Best Instance Accuracy: 0.910256, Class Accuracy: 0.879143
[2021-09-07 12:36:31,056][__main__][INFO] - Epoch 156 (156/250):
[2021-09-07 12:40:41,493][__main__][INFO] - Train Instance Accuracy: 0.909193
[2021-09-07 12:41:47,877][__main__][INFO] - Test Instance Accuracy: 0.905048, Class Accuracy: 0.869822
[2021-09-07 12:41:47,878][__main__][INFO] - Best Instance Accuracy: 0.910256, Class Accuracy: 0.879143
[2021-09-07 12:41:47,878][__main__][INFO] - Epoch 157 (157/250):
[2021-09-07 12:45:58,527][__main__][INFO] - Train Instance Accuracy: 0.909514
[2021-09-07 12:47:03,920][__main__][INFO] - Test Instance Accuracy: 0.901843, Class Accuracy: 0.871811
[2021-09-07 12:47:03,920][__main__][INFO] - Best Instance Accuracy: 0.910256, Class Accuracy: 0.879143
[2021-09-07 12:47:03,921][__main__][INFO] - Epoch 158 (158/250):
[2021-09-07 12:51:15,104][__main__][INFO] - Train Instance Accuracy: 0.909832
[2021-09-07 12:52:20,562][__main__][INFO] - Test Instance Accuracy: 0.902644, Class Accuracy: 0.872135
[2021-09-07 12:52:20,563][__main__][INFO] - Best Instance Accuracy: 0.910256, Class Accuracy: 0.879143
[2021-09-07 12:52:20,563][__main__][INFO] - Epoch 159 (159/250):
[2021-09-07 12:56:32,144][__main__][INFO] - Train Instance Accuracy: 0.910151
[2021-09-07 12:57:37,704][__main__][INFO] - Test Instance Accuracy: 0.902244, Class Accuracy: 0.869332
[2021-09-07 12:57:37,705][__main__][INFO] - Best Instance Accuracy: 0.910256, Class Accuracy: 0.879143
[2021-09-07 12:57:37,705][__main__][INFO] - Epoch 160 (160/250):
[2021-09-07 13:01:48,391][__main__][INFO] - Train Instance Accuracy: 0.910461
[2021-09-07 13:02:53,745][__main__][INFO] - Test Instance Accuracy: 0.900240, Class Accuracy: 0.867556
[2021-09-07 13:02:53,745][__main__][INFO] - Best Instance Accuracy: 0.910256, Class Accuracy: 0.879143
[2021-09-07 13:02:53,746][__main__][INFO] - Epoch 161 (161/250):
[2021-09-07 13:07:04,192][__main__][INFO] - Train Instance Accuracy: 0.910765
[2021-09-07 13:08:09,520][__main__][INFO] - Test Instance Accuracy: 0.905849, Class Accuracy: 0.871434
[2021-09-07 13:08:09,521][__main__][INFO] - Best Instance Accuracy: 0.910256, Class Accuracy: 0.879143
[2021-09-07 13:08:09,521][__main__][INFO] - Epoch 162 (162/250):
[2021-09-07 13:12:20,622][__main__][INFO] - Train Instance Accuracy: 0.911069
[2021-09-07 13:13:26,100][__main__][INFO] - Test Instance Accuracy: 0.909856, Class Accuracy: 0.877874
[2021-09-07 13:13:26,101][__main__][INFO] - Best Instance Accuracy: 0.910256, Class Accuracy: 0.879143
[2021-09-07 13:13:26,101][__main__][INFO] - Epoch 163 (163/250):
[2021-09-07 13:17:37,578][__main__][INFO] - Train Instance Accuracy: 0.911361
[2021-09-07 13:18:42,899][__main__][INFO] - Test Instance Accuracy: 0.899439, Class Accuracy: 0.867985
[2021-09-07 13:18:42,899][__main__][INFO] - Best Instance Accuracy: 0.910256, Class Accuracy: 0.879143
[2021-09-07 13:18:42,899][__main__][INFO] - Epoch 164 (164/250):
[2021-09-07 13:22:53,903][__main__][INFO] - Train Instance Accuracy: 0.911650
[2021-09-07 13:23:59,241][__main__][INFO] - Test Instance Accuracy: 0.907853, Class Accuracy: 0.874870
[2021-09-07 13:23:59,241][__main__][INFO] - Best Instance Accuracy: 0.910256, Class Accuracy: 0.879143
[2021-09-07 13:23:59,242][__main__][INFO] - Epoch 165 (165/250):
[2021-09-07 13:28:09,677][__main__][INFO] - Train Instance Accuracy: 0.911954
[2021-09-07 13:29:15,121][__main__][INFO] - Test Instance Accuracy: 0.901442, Class Accuracy: 0.868700
[2021-09-07 13:29:15,122][__main__][INFO] - Best Instance Accuracy: 0.910256, Class Accuracy: 0.879143
[2021-09-07 13:29:15,122][__main__][INFO] - Epoch 166 (166/250):
[2021-09-07 13:33:26,396][__main__][INFO] - Train Instance Accuracy: 0.912250
[2021-09-07 13:34:31,827][__main__][INFO] - Test Instance Accuracy: 0.905449, Class Accuracy: 0.875074
[2021-09-07 13:34:31,827][__main__][INFO] - Best Instance Accuracy: 0.910256, Class Accuracy: 0.879143
[2021-09-07 13:34:31,828][__main__][INFO] - Epoch 167 (167/250):
[2021-09-07 13:38:45,330][__main__][INFO] - Train Instance Accuracy: 0.912540
[2021-09-07 13:39:50,715][__main__][INFO] - Test Instance Accuracy: 0.905849, Class Accuracy: 0.875110
[2021-09-07 13:39:50,715][__main__][INFO] - Best Instance Accuracy: 0.910256, Class Accuracy: 0.879143
[2021-09-07 13:39:50,716][__main__][INFO] - Epoch 168 (168/250):
[2021-09-07 13:44:01,336][__main__][INFO] - Train Instance Accuracy: 0.912838
[2021-09-07 13:45:06,578][__main__][INFO] - Test Instance Accuracy: 0.903846, Class Accuracy: 0.871770
[2021-09-07 13:45:06,579][__main__][INFO] - Best Instance Accuracy: 0.910256, Class Accuracy: 0.879143
[2021-09-07 13:45:06,579][__main__][INFO] - Epoch 169 (169/250):
[2021-09-07 13:49:18,993][__main__][INFO] - Train Instance Accuracy: 0.913131
[2021-09-07 13:50:24,542][__main__][INFO] - Test Instance Accuracy: 0.902644, Class Accuracy: 0.870614
[2021-09-07 13:50:24,543][__main__][INFO] - Best Instance Accuracy: 0.910256, Class Accuracy: 0.879143
[2021-09-07 13:50:24,543][__main__][INFO] - Epoch 170 (170/250):
[2021-09-07 13:54:35,629][__main__][INFO] - Train Instance Accuracy: 0.913418
[2021-09-07 13:55:41,032][__main__][INFO] - Test Instance Accuracy: 0.899840, Class Accuracy: 0.872403
[2021-09-07 13:55:41,033][__main__][INFO] - Best Instance Accuracy: 0.910256, Class Accuracy: 0.879143
[2021-09-07 13:55:41,033][__main__][INFO] - Epoch 171 (171/250):
[2021-09-07 13:59:51,957][__main__][INFO] - Train Instance Accuracy: 0.913693
[2021-09-07 14:00:57,311][__main__][INFO] - Test Instance Accuracy: 0.902244, Class Accuracy: 0.872201
[2021-09-07 14:00:57,311][__main__][INFO] - Best Instance Accuracy: 0.910256, Class Accuracy: 0.879143
[2021-09-07 14:00:57,312][__main__][INFO] - Epoch 172 (172/250):
[2021-09-07 14:05:07,817][__main__][INFO] - Train Instance Accuracy: 0.913951
[2021-09-07 14:06:13,337][__main__][INFO] - Test Instance Accuracy: 0.906651, Class Accuracy: 0.876613
[2021-09-07 14:06:13,338][__main__][INFO] - Best Instance Accuracy: 0.910256, Class Accuracy: 0.879143
[2021-09-07 14:06:13,338][__main__][INFO] - Epoch 173 (173/250):
[2021-09-07 14:10:24,075][__main__][INFO] - Train Instance Accuracy: 0.914212
[2021-09-07 14:11:29,656][__main__][INFO] - Test Instance Accuracy: 0.903446, Class Accuracy: 0.875137
[2021-09-07 14:11:29,657][__main__][INFO] - Best Instance Accuracy: 0.910256, Class Accuracy: 0.879143
[2021-09-07 14:11:29,657][__main__][INFO] - Epoch 174 (174/250):
[2021-09-07 14:15:41,203][__main__][INFO] - Train Instance Accuracy: 0.914486
[2021-09-07 14:16:46,749][__main__][INFO] - Test Instance Accuracy: 0.901442, Class Accuracy: 0.864147
[2021-09-07 14:16:46,750][__main__][INFO] - Best Instance Accuracy: 0.910256, Class Accuracy: 0.879143
[2021-09-07 14:16:46,750][__main__][INFO] - Epoch 175 (175/250):
[2021-09-07 14:20:56,948][__main__][INFO] - Train Instance Accuracy: 0.914746
[2021-09-07 14:22:02,443][__main__][INFO] - Test Instance Accuracy: 0.902244, Class Accuracy: 0.870126
[2021-09-07 14:22:02,444][__main__][INFO] - Best Instance Accuracy: 0.910256, Class Accuracy: 0.879143
[2021-09-07 14:22:02,444][__main__][INFO] - Epoch 176 (176/250):
[2021-09-07 14:26:13,517][__main__][INFO] - Train Instance Accuracy: 0.915009
[2021-09-07 14:27:19,013][__main__][INFO] - Test Instance Accuracy: 0.904647, Class Accuracy: 0.874460
[2021-09-07 14:27:19,013][__main__][INFO] - Best Instance Accuracy: 0.910256, Class Accuracy: 0.879143
[2021-09-07 14:27:19,014][__main__][INFO] - Epoch 177 (177/250):
[2021-09-07 14:31:29,591][__main__][INFO] - Train Instance Accuracy: 0.915274
[2021-09-07 14:32:35,017][__main__][INFO] - Test Instance Accuracy: 0.902244, Class Accuracy: 0.870592
[2021-09-07 14:32:35,018][__main__][INFO] - Best Instance Accuracy: 0.910256, Class Accuracy: 0.879143
[2021-09-07 14:32:35,018][__main__][INFO] - Epoch 178 (178/250):
[2021-09-07 14:36:45,209][__main__][INFO] - Train Instance Accuracy: 0.915554
[2021-09-07 14:37:50,944][__main__][INFO] - Test Instance Accuracy: 0.904647, Class Accuracy: 0.869487
[2021-09-07 14:37:50,944][__main__][INFO] - Best Instance Accuracy: 0.910256, Class Accuracy: 0.879143
[2021-09-07 14:37:50,945][__main__][INFO] - Epoch 179 (179/250):
[2021-09-07 14:42:03,096][__main__][INFO] - Train Instance Accuracy: 0.915819
[2021-09-07 14:43:10,399][__main__][INFO] - Test Instance Accuracy: 0.905048, Class Accuracy: 0.870764
[2021-09-07 14:43:10,400][__main__][INFO] - Best Instance Accuracy: 0.910256, Class Accuracy: 0.879143
[2021-09-07 14:43:10,400][__main__][INFO] - Epoch 180 (180/250):
[2021-09-07 14:48:32,869][__main__][INFO] - Train Instance Accuracy: 0.916076
[2021-09-07 14:49:42,923][__main__][INFO] - Test Instance Accuracy: 0.902644, Class Accuracy: 0.873446
[2021-09-07 14:49:42,923][__main__][INFO] - Best Instance Accuracy: 0.910256, Class Accuracy: 0.879143
[2021-09-07 14:49:42,924][__main__][INFO] - Epoch 181 (181/250):
[2021-09-07 14:53:58,668][__main__][INFO] - Train Instance Accuracy: 0.916318
[2021-09-07 14:55:04,920][__main__][INFO] - Test Instance Accuracy: 0.902644, Class Accuracy: 0.866862
[2021-09-07 14:55:04,920][__main__][INFO] - Best Instance Accuracy: 0.910256, Class Accuracy: 0.879143
[2021-09-07 14:55:04,921][__main__][INFO] - Epoch 182 (182/250):
[2021-09-07 14:59:18,138][__main__][INFO] - Train Instance Accuracy: 0.916575
[2021-09-07 15:00:24,290][__main__][INFO] - Test Instance Accuracy: 0.907853, Class Accuracy: 0.874629
[2021-09-07 15:00:24,290][__main__][INFO] - Best Instance Accuracy: 0.910256, Class Accuracy: 0.879143
[2021-09-07 15:00:24,291][__main__][INFO] - Epoch 183 (183/250):
[2021-09-07 15:04:35,805][__main__][INFO] - Train Instance Accuracy: 0.916833
[2021-09-07 15:05:41,993][__main__][INFO] - Test Instance Accuracy: 0.907452, Class Accuracy: 0.877526
[2021-09-07 15:05:41,993][__main__][INFO] - Best Instance Accuracy: 0.910256, Class Accuracy: 0.879143
[2021-09-07 15:05:41,994][__main__][INFO] - Epoch 184 (184/250):
[2021-09-07 15:09:53,330][__main__][INFO] - Train Instance Accuracy: 0.917078
[2021-09-07 15:10:59,676][__main__][INFO] - Test Instance Accuracy: 0.903045, Class Accuracy: 0.874642
[2021-09-07 15:10:59,677][__main__][INFO] - Best Instance Accuracy: 0.910256, Class Accuracy: 0.879143
[2021-09-07 15:10:59,677][__main__][INFO] - Epoch 185 (185/250):
[2021-09-07 15:15:11,646][__main__][INFO] - Train Instance Accuracy: 0.917321
[2021-09-07 15:16:17,769][__main__][INFO] - Test Instance Accuracy: 0.904247, Class Accuracy: 0.869913
[2021-09-07 15:16:17,769][__main__][INFO] - Best Instance Accuracy: 0.910256, Class Accuracy: 0.879143
[2021-09-07 15:16:17,770][__main__][INFO] - Epoch 186 (186/250):
[2021-09-07 15:20:29,479][__main__][INFO] - Train Instance Accuracy: 0.917565
[2021-09-07 15:21:35,850][__main__][INFO] - Test Instance Accuracy: 0.905449, Class Accuracy: 0.871021
[2021-09-07 15:21:35,850][__main__][INFO] - Best Instance Accuracy: 0.910256, Class Accuracy: 0.879143
[2021-09-07 15:21:35,851][__main__][INFO] - Epoch 187 (187/250):
[2021-09-07 15:25:48,046][__main__][INFO] - Train Instance Accuracy: 0.917808
[2021-09-07 15:26:54,248][__main__][INFO] - Test Instance Accuracy: 0.905449, Class Accuracy: 0.871078
[2021-09-07 15:26:54,248][__main__][INFO] - Best Instance Accuracy: 0.910256, Class Accuracy: 0.879143
[2021-09-07 15:26:54,249][__main__][INFO] - Epoch 188 (188/250):
[2021-09-07 15:31:06,545][__main__][INFO] - Train Instance Accuracy: 0.918044
[2021-09-07 15:32:12,828][__main__][INFO] - Test Instance Accuracy: 0.901442, Class Accuracy: 0.869620
[2021-09-07 15:32:12,829][__main__][INFO] - Best Instance Accuracy: 0.910256, Class Accuracy: 0.879143
[2021-09-07 15:32:12,829][__main__][INFO] - Epoch 189 (189/250):
[2021-09-07 15:36:25,188][__main__][INFO] - Train Instance Accuracy: 0.918272
[2021-09-07 15:37:31,252][__main__][INFO] - Test Instance Accuracy: 0.905849, Class Accuracy: 0.876582
[2021-09-07 15:37:31,252][__main__][INFO] - Best Instance Accuracy: 0.910256, Class Accuracy: 0.879143
[2021-09-07 15:37:31,253][__main__][INFO] - Epoch 190 (190/250):
[2021-09-07 15:41:45,110][__main__][INFO] - Train Instance Accuracy: 0.918500
[2021-09-07 15:42:51,261][__main__][INFO] - Test Instance Accuracy: 0.907853, Class Accuracy: 0.877114
[2021-09-07 15:42:51,261][__main__][INFO] - Best Instance Accuracy: 0.910256, Class Accuracy: 0.879143
[2021-09-07 15:42:51,262][__main__][INFO] - Epoch 191 (191/250):
[2021-09-07 15:47:02,719][__main__][INFO] - Train Instance Accuracy: 0.918729
[2021-09-07 15:48:08,711][__main__][INFO] - Test Instance Accuracy: 0.901843, Class Accuracy: 0.869761
[2021-09-07 15:48:08,711][__main__][INFO] - Best Instance Accuracy: 0.910256, Class Accuracy: 0.879143
[2021-09-07 15:48:08,712][__main__][INFO] - Epoch 192 (192/250):
[2021-09-07 15:52:20,222][__main__][INFO] - Train Instance Accuracy: 0.918970
[2021-09-07 15:53:26,175][__main__][INFO] - Test Instance Accuracy: 0.899840, Class Accuracy: 0.871185
[2021-09-07 15:53:26,176][__main__][INFO] - Best Instance Accuracy: 0.910256, Class Accuracy: 0.879143
[2021-09-07 15:53:26,176][__main__][INFO] - Epoch 193 (193/250):
[2021-09-07 15:57:37,682][__main__][INFO] - Train Instance Accuracy: 0.919181
[2021-09-07 15:58:43,462][__main__][INFO] - Test Instance Accuracy: 0.903045, Class Accuracy: 0.867876
[2021-09-07 15:58:43,462][__main__][INFO] - Best Instance Accuracy: 0.910256, Class Accuracy: 0.879143
[2021-09-07 15:58:43,463][__main__][INFO] - Epoch 194 (194/250):
[2021-09-07 16:02:55,720][__main__][INFO] - Train Instance Accuracy: 0.919406
[2021-09-07 16:04:02,024][__main__][INFO] - Test Instance Accuracy: 0.901442, Class Accuracy: 0.867568
[2021-09-07 16:04:02,025][__main__][INFO] - Best Instance Accuracy: 0.910256, Class Accuracy: 0.879143
[2021-09-07 16:04:02,025][__main__][INFO] - Epoch 195 (195/250):
[2021-09-07 16:08:13,846][__main__][INFO] - Train Instance Accuracy: 0.919624
[2021-09-07 16:09:19,943][__main__][INFO] - Test Instance Accuracy: 0.905048, Class Accuracy: 0.870550
[2021-09-07 16:09:19,943][__main__][INFO] - Best Instance Accuracy: 0.910256, Class Accuracy: 0.879143
[2021-09-07 16:09:19,944][__main__][INFO] - Epoch 196 (196/250):
[2021-09-07 16:13:31,287][__main__][INFO] - Train Instance Accuracy: 0.919841
[2021-09-07 16:14:37,498][__main__][INFO] - Test Instance Accuracy: 0.902644, Class Accuracy: 0.866303
[2021-09-07 16:14:37,498][__main__][INFO] - Best Instance Accuracy: 0.910256, Class Accuracy: 0.879143
[2021-09-07 16:14:37,499][__main__][INFO] - Epoch 197 (197/250):
[2021-09-07 16:18:48,982][__main__][INFO] - Train Instance Accuracy: 0.920055
[2021-09-07 16:19:55,694][__main__][INFO] - Test Instance Accuracy: 0.905849, Class Accuracy: 0.877638
[2021-09-07 16:19:55,694][__main__][INFO] - Best Instance Accuracy: 0.910256, Class Accuracy: 0.879143
[2021-09-07 16:19:55,695][__main__][INFO] - Epoch 198 (198/250):
[2021-09-07 16:24:07,466][__main__][INFO] - Train Instance Accuracy: 0.920280
[2021-09-07 16:25:13,684][__main__][INFO] - Test Instance Accuracy: 0.904247, Class Accuracy: 0.872346
[2021-09-07 16:25:13,685][__main__][INFO] - Best Instance Accuracy: 0.910256, Class Accuracy: 0.879143
[2021-09-07 16:25:13,685][__main__][INFO] - Epoch 199 (199/250):
[2021-09-07 16:29:25,762][__main__][INFO] - Train Instance Accuracy: 0.920488
[2021-09-07 16:30:32,028][__main__][INFO] - Test Instance Accuracy: 0.903446, Class Accuracy: 0.868849
[2021-09-07 16:30:32,029][__main__][INFO] - Best Instance Accuracy: 0.910256, Class Accuracy: 0.879143
[2021-09-07 16:30:32,029][__main__][INFO] - Epoch 200 (200/250):
[2021-09-07 16:34:43,407][__main__][INFO] - Train Instance Accuracy: 0.920692
[2021-09-07 16:35:49,351][__main__][INFO] - Test Instance Accuracy: 0.903446, Class Accuracy: 0.874781
[2021-09-07 16:35:49,351][__main__][INFO] - Best Instance Accuracy: 0.910256, Class Accuracy: 0.879143
[2021-09-07 16:35:49,352][__main__][INFO] - Epoch 201 (201/250):
[2021-09-07 16:40:01,912][__main__][INFO] - Train Instance Accuracy: 0.920901
[2021-09-07 16:41:08,172][__main__][INFO] - Test Instance Accuracy: 0.904247, Class Accuracy: 0.867113
[2021-09-07 16:41:08,173][__main__][INFO] - Best Instance Accuracy: 0.910256, Class Accuracy: 0.879143
[2021-09-07 16:41:08,173][__main__][INFO] - Epoch 202 (202/250):
[2021-09-07 16:45:19,735][__main__][INFO] - Train Instance Accuracy: 0.921112
[2021-09-07 16:46:26,096][__main__][INFO] - Test Instance Accuracy: 0.904647, Class Accuracy: 0.874081
[2021-09-07 16:46:26,097][__main__][INFO] - Best Instance Accuracy: 0.910256, Class Accuracy: 0.879143
[2021-09-07 16:46:26,097][__main__][INFO] - Epoch 203 (203/250):
[2021-09-07 16:50:37,161][__main__][INFO] - Train Instance Accuracy: 0.921336
[2021-09-07 16:51:43,308][__main__][INFO] - Test Instance Accuracy: 0.905048, Class Accuracy: 0.869809
[2021-09-07 16:51:43,308][__main__][INFO] - Best Instance Accuracy: 0.910256, Class Accuracy: 0.879143
[2021-09-07 16:51:43,309][__main__][INFO] - Epoch 204 (204/250):
[2021-09-07 16:55:55,507][__main__][INFO] - Train Instance Accuracy: 0.921536
[2021-09-07 16:57:01,745][__main__][INFO] - Test Instance Accuracy: 0.906651, Class Accuracy: 0.872607
[2021-09-07 16:57:01,746][__main__][INFO] - Best Instance Accuracy: 0.910256, Class Accuracy: 0.879143
[2021-09-07 16:57:01,746][__main__][INFO] - Epoch 205 (205/250):
[2021-09-07 17:01:13,604][__main__][INFO] - Train Instance Accuracy: 0.921742
[2021-09-07 17:02:19,711][__main__][INFO] - Test Instance Accuracy: 0.908253, Class Accuracy: 0.877445
[2021-09-07 17:02:19,711][__main__][INFO] - Best Instance Accuracy: 0.910256, Class Accuracy: 0.879143
[2021-09-07 17:02:19,712][__main__][INFO] - Epoch 206 (206/250):
[2021-09-07 17:06:30,917][__main__][INFO] - Train Instance Accuracy: 0.921942
[2021-09-07 17:07:37,140][__main__][INFO] - Test Instance Accuracy: 0.903846, Class Accuracy: 0.872723
[2021-09-07 17:07:37,140][__main__][INFO] - Best Instance Accuracy: 0.910256, Class Accuracy: 0.879143
[2021-09-07 17:07:37,141][__main__][INFO] - Epoch 207 (207/250):
[2021-09-07 17:11:49,960][__main__][INFO] - Train Instance Accuracy: 0.922126
[2021-09-07 17:12:56,554][__main__][INFO] - Test Instance Accuracy: 0.901442, Class Accuracy: 0.868841
[2021-09-07 17:12:56,554][__main__][INFO] - Best Instance Accuracy: 0.910256, Class Accuracy: 0.879143
[2021-09-07 17:12:56,554][__main__][INFO] - Epoch 208 (208/250):
[2021-09-07 17:17:07,831][__main__][INFO] - Train Instance Accuracy: 0.922311
[2021-09-07 17:18:14,450][__main__][INFO] - Test Instance Accuracy: 0.903045, Class Accuracy: 0.874840
[2021-09-07 17:18:14,450][__main__][INFO] - Best Instance Accuracy: 0.910256, Class Accuracy: 0.879143
[2021-09-07 17:18:14,450][__main__][INFO] - Epoch 209 (209/250):
[2021-09-07 17:22:25,945][__main__][INFO] - Train Instance Accuracy: 0.922510
[2021-09-07 17:23:32,191][__main__][INFO] - Test Instance Accuracy: 0.901042, Class Accuracy: 0.868194
[2021-09-07 17:23:32,192][__main__][INFO] - Best Instance Accuracy: 0.910256, Class Accuracy: 0.879143
[2021-09-07 17:23:32,192][__main__][INFO] - Epoch 210 (210/250):
[2021-09-07 17:27:45,105][__main__][INFO] - Train Instance Accuracy: 0.922711
[2021-09-07 17:28:51,418][__main__][INFO] - Test Instance Accuracy: 0.903045, Class Accuracy: 0.868308
[2021-09-07 17:28:51,419][__main__][INFO] - Best Instance Accuracy: 0.910256, Class Accuracy: 0.879143
[2021-09-07 17:28:51,419][__main__][INFO] - Epoch 211 (211/250):
[2021-09-07 17:33:03,311][__main__][INFO] - Train Instance Accuracy: 0.922908
[2021-09-07 17:34:09,487][__main__][INFO] - Test Instance Accuracy: 0.904647, Class Accuracy: 0.871781
[2021-09-07 17:34:09,488][__main__][INFO] - Best Instance Accuracy: 0.910256, Class Accuracy: 0.879143
[2021-09-07 17:34:09,488][__main__][INFO] - Epoch 212 (212/250):
[2021-09-07 17:38:21,308][__main__][INFO] - Train Instance Accuracy: 0.923096
[2021-09-07 17:39:27,684][__main__][INFO] - Test Instance Accuracy: 0.903045, Class Accuracy: 0.874406
[2021-09-07 17:39:27,684][__main__][INFO] - Best Instance Accuracy: 0.910256, Class Accuracy: 0.879143
[2021-09-07 17:39:27,685][__main__][INFO] - Epoch 213 (213/250):
[2021-09-07 17:43:39,308][__main__][INFO] - Train Instance Accuracy: 0.923293
[2021-09-07 17:44:45,639][__main__][INFO] - Test Instance Accuracy: 0.902244, Class Accuracy: 0.869812
[2021-09-07 17:44:45,640][__main__][INFO] - Best Instance Accuracy: 0.910256, Class Accuracy: 0.879143
[2021-09-07 17:44:45,640][__main__][INFO] - Epoch 214 (214/250):
[2021-09-07 17:48:57,755][__main__][INFO] - Train Instance Accuracy: 0.923488
[2021-09-07 17:50:03,957][__main__][INFO] - Test Instance Accuracy: 0.905048, Class Accuracy: 0.871109
[2021-09-07 17:50:03,957][__main__][INFO] - Best Instance Accuracy: 0.910256, Class Accuracy: 0.879143
[2021-09-07 17:50:03,958][__main__][INFO] - Epoch 215 (215/250):
[2021-09-07 17:54:15,870][__main__][INFO] - Train Instance Accuracy: 0.923675
[2021-09-07 17:55:22,285][__main__][INFO] - Test Instance Accuracy: 0.903446, Class Accuracy: 0.871818
[2021-09-07 17:55:22,285][__main__][INFO] - Best Instance Accuracy: 0.910256, Class Accuracy: 0.879143
[2021-09-07 17:55:22,286][__main__][INFO] - Epoch 216 (216/250):
[2021-09-07 17:59:34,666][__main__][INFO] - Train Instance Accuracy: 0.923864
[2021-09-07 18:00:41,050][__main__][INFO] - Test Instance Accuracy: 0.899840, Class Accuracy: 0.865605
[2021-09-07 18:00:41,050][__main__][INFO] - Best Instance Accuracy: 0.910256, Class Accuracy: 0.879143
[2021-09-07 18:00:41,050][__main__][INFO] - Epoch 217 (217/250):
[2021-09-07 18:04:52,730][__main__][INFO] - Train Instance Accuracy: 0.924051
[2021-09-07 18:05:58,914][__main__][INFO] - Test Instance Accuracy: 0.906250, Class Accuracy: 0.874513
[2021-09-07 18:05:58,915][__main__][INFO] - Best Instance Accuracy: 0.910256, Class Accuracy: 0.879143
[2021-09-07 18:05:58,915][__main__][INFO] - Epoch 218 (218/250):
[2021-09-07 18:10:10,378][__main__][INFO] - Train Instance Accuracy: 0.924242
[2021-09-07 18:11:16,725][__main__][INFO] - Test Instance Accuracy: 0.904247, Class Accuracy: 0.874785
[2021-09-07 18:11:16,725][__main__][INFO] - Best Instance Accuracy: 0.910256, Class Accuracy: 0.879143
[2021-09-07 18:11:16,726][__main__][INFO] - Epoch 219 (219/250):
[2021-09-07 18:15:28,965][__main__][INFO] - Train Instance Accuracy: 0.924416
[2021-09-07 18:16:35,832][__main__][INFO] - Test Instance Accuracy: 0.904247, Class Accuracy: 0.870368
[2021-09-07 18:16:35,832][__main__][INFO] - Best Instance Accuracy: 0.910256, Class Accuracy: 0.879143
[2021-09-07 18:16:35,833][__main__][INFO] - Epoch 220 (220/250):
[2021-09-07 18:20:47,684][__main__][INFO] - Train Instance Accuracy: 0.924582
[2021-09-07 18:21:54,107][__main__][INFO] - Test Instance Accuracy: 0.901042, Class Accuracy: 0.867281
[2021-09-07 18:21:54,107][__main__][INFO] - Best Instance Accuracy: 0.910256, Class Accuracy: 0.879143
[2021-09-07 18:21:54,108][__main__][INFO] - Epoch 221 (221/250):
[2021-09-07 18:26:05,716][__main__][INFO] - Train Instance Accuracy: 0.924760
[2021-09-07 18:27:12,110][__main__][INFO] - Test Instance Accuracy: 0.903446, Class Accuracy: 0.870727
[2021-09-07 18:27:12,110][__main__][INFO] - Best Instance Accuracy: 0.910256, Class Accuracy: 0.879143
[2021-09-07 18:27:12,111][__main__][INFO] - Epoch 222 (222/250):
[2021-09-07 18:31:24,354][__main__][INFO] - Train Instance Accuracy: 0.924927
[2021-09-07 18:32:30,654][__main__][INFO] - Test Instance Accuracy: 0.902244, Class Accuracy: 0.870296
[2021-09-07 18:32:30,654][__main__][INFO] - Best Instance Accuracy: 0.910256, Class Accuracy: 0.879143
[2021-09-07 18:32:30,654][__main__][INFO] - Epoch 223 (223/250):
[2021-09-07 18:36:44,435][__main__][INFO] - Train Instance Accuracy: 0.925098
[2021-09-07 18:37:50,535][__main__][INFO] - Test Instance Accuracy: 0.907051, Class Accuracy: 0.872761
[2021-09-07 18:37:50,535][__main__][INFO] - Best Instance Accuracy: 0.910256, Class Accuracy: 0.879143
[2021-09-07 18:37:50,536][__main__][INFO] - Epoch 224 (224/250):
[2021-09-07 18:42:02,391][__main__][INFO] - Train Instance Accuracy: 0.925281
[2021-09-07 18:43:08,557][__main__][INFO] - Test Instance Accuracy: 0.910256, Class Accuracy: 0.877948
[2021-09-07 18:43:08,557][__main__][INFO] - Best Instance Accuracy: 0.910256, Class Accuracy: 0.879143
[2021-09-07 18:43:08,557][__main__][INFO] - Save model...
[2021-09-07 18:43:08,557][__main__][INFO] - Saving at best_model.pth
[2021-09-07 18:43:08,848][__main__][INFO] - Epoch 225 (225/250):
[2021-09-07 18:47:20,907][__main__][INFO] - Train Instance Accuracy: 0.925452
[2021-09-07 18:48:27,155][__main__][INFO] - Test Instance Accuracy: 0.902644, Class Accuracy: 0.872253
[2021-09-07 18:48:27,155][__main__][INFO] - Best Instance Accuracy: 0.910256, Class Accuracy: 0.879143
[2021-09-07 18:48:27,155][__main__][INFO] - Epoch 226 (226/250):
[2021-09-07 18:52:38,982][__main__][INFO] - Train Instance Accuracy: 0.925624
[2021-09-07 18:53:45,514][__main__][INFO] - Test Instance Accuracy: 0.903045, Class Accuracy: 0.871715
[2021-09-07 18:53:45,514][__main__][INFO] - Best Instance Accuracy: 0.910256, Class Accuracy: 0.879143
[2021-09-07 18:53:45,514][__main__][INFO] - Epoch 227 (227/250):
[2021-09-07 18:57:59,321][__main__][INFO] - Train Instance Accuracy: 0.925791
[2021-09-07 18:59:05,750][__main__][INFO] - Test Instance Accuracy: 0.899840, Class Accuracy: 0.868101
[2021-09-07 18:59:05,751][__main__][INFO] - Best Instance Accuracy: 0.910256, Class Accuracy: 0.879143
[2021-09-07 18:59:05,751][__main__][INFO] - Epoch 228 (228/250):
[2021-09-07 19:03:17,073][__main__][INFO] - Train Instance Accuracy: 0.925957
[2021-09-07 19:04:23,040][__main__][INFO] - Test Instance Accuracy: 0.901843, Class Accuracy: 0.868858
[2021-09-07 19:04:23,040][__main__][INFO] - Best Instance Accuracy: 0.910256, Class Accuracy: 0.879143
[2021-09-07 19:04:23,041][__main__][INFO] - Epoch 229 (229/250):
[2021-09-07 19:08:35,291][__main__][INFO] - Train Instance Accuracy: 0.926120
[2021-09-07 19:09:41,691][__main__][INFO] - Test Instance Accuracy: 0.906651, Class Accuracy: 0.878026
[2021-09-07 19:09:41,691][__main__][INFO] - Best Instance Accuracy: 0.910256, Class Accuracy: 0.879143
[2021-09-07 19:09:41,692][__main__][INFO] - Epoch 230 (230/250):
[2021-09-07 19:13:53,774][__main__][INFO] - Train Instance Accuracy: 0.926280
[2021-09-07 19:15:00,118][__main__][INFO] - Test Instance Accuracy: 0.902244, Class Accuracy: 0.871630
[2021-09-07 19:15:00,119][__main__][INFO] - Best Instance Accuracy: 0.910256, Class Accuracy: 0.879143
[2021-09-07 19:15:00,119][__main__][INFO] - Epoch 231 (231/250):
[2021-09-07 19:19:14,369][__main__][INFO] - Train Instance Accuracy: 0.926441
[2021-09-07 19:20:20,785][__main__][INFO] - Test Instance Accuracy: 0.907452, Class Accuracy: 0.881596
[2021-09-07 19:20:20,785][__main__][INFO] - Best Instance Accuracy: 0.910256, Class Accuracy: 0.881596
[2021-09-07 19:20:20,786][__main__][INFO] - Epoch 232 (232/250):
[2021-09-07 19:24:33,070][__main__][INFO] - Train Instance Accuracy: 0.926606
[2021-09-07 19:25:39,462][__main__][INFO] - Test Instance Accuracy: 0.899439, Class Accuracy: 0.869282
[2021-09-07 19:25:39,462][__main__][INFO] - Best Instance Accuracy: 0.910256, Class Accuracy: 0.881596
[2021-09-07 19:25:39,463][__main__][INFO] - Epoch 233 (233/250):
[2021-09-07 19:29:50,120][__main__][INFO] - Train Instance Accuracy: 0.926775
[2021-09-07 19:30:56,790][__main__][INFO] - Test Instance Accuracy: 0.901042, Class Accuracy: 0.866175
[2021-09-07 19:30:56,790][__main__][INFO] - Best Instance Accuracy: 0.910256, Class Accuracy: 0.881596
[2021-09-07 19:30:56,791][__main__][INFO] - Epoch 234 (234/250):
[2021-09-07 19:35:08,006][__main__][INFO] - Train Instance Accuracy: 0.926934
[2021-09-07 19:36:14,815][__main__][INFO] - Test Instance Accuracy: 0.905849, Class Accuracy: 0.873356
[2021-09-07 19:36:14,816][__main__][INFO] - Best Instance Accuracy: 0.910256, Class Accuracy: 0.881596
[2021-09-07 19:36:14,816][__main__][INFO] - Epoch 235 (235/250):
[2021-09-07 19:40:26,251][__main__][INFO] - Train Instance Accuracy: 0.927084
[2021-09-07 19:41:32,270][__main__][INFO] - Test Instance Accuracy: 0.903446, Class Accuracy: 0.875684
[2021-09-07 19:41:32,271][__main__][INFO] - Best Instance Accuracy: 0.910256, Class Accuracy: 0.881596
[2021-09-07 19:41:32,271][__main__][INFO] - Epoch 236 (236/250):
[2021-09-07 19:45:44,687][__main__][INFO] - Train Instance Accuracy: 0.927243
[2021-09-07 19:46:51,252][__main__][INFO] - Test Instance Accuracy: 0.901442, Class Accuracy: 0.869516
[2021-09-07 19:46:51,253][__main__][INFO] - Best Instance Accuracy: 0.910256, Class Accuracy: 0.881596
[2021-09-07 19:46:51,253][__main__][INFO] - Epoch 237 (237/250):
[2021-09-07 19:51:05,359][__main__][INFO] - Train Instance Accuracy: 0.927399
[2021-09-07 19:52:11,263][__main__][INFO] - Test Instance Accuracy: 0.901442, Class Accuracy: 0.871814
[2021-09-07 19:52:11,263][__main__][INFO] - Best Instance Accuracy: 0.910256, Class Accuracy: 0.881596
[2021-09-07 19:52:11,264][__main__][INFO] - Epoch 238 (238/250):
[2021-09-07 19:56:22,656][__main__][INFO] - Train Instance Accuracy: 0.927557
[2021-09-07 19:57:28,809][__main__][INFO] - Test Instance Accuracy: 0.905449, Class Accuracy: 0.873210
[2021-09-07 19:57:28,810][__main__][INFO] - Best Instance Accuracy: 0.910256, Class Accuracy: 0.881596
[2021-09-07 19:57:28,810][__main__][INFO] - Epoch 239 (239/250):
[2021-09-07 20:01:41,054][__main__][INFO] - Train Instance Accuracy: 0.927711
[2021-09-07 20:02:47,252][__main__][INFO] - Test Instance Accuracy: 0.903846, Class Accuracy: 0.876854
[2021-09-07 20:02:47,252][__main__][INFO] - Best Instance Accuracy: 0.910256, Class Accuracy: 0.881596
[2021-09-07 20:02:47,253][__main__][INFO] - Epoch 240 (240/250):
[2021-09-07 20:06:58,847][__main__][INFO] - Train Instance Accuracy: 0.927861
[2021-09-07 20:08:05,410][__main__][INFO] - Test Instance Accuracy: 0.904247, Class Accuracy: 0.872036
[2021-09-07 20:08:05,410][__main__][INFO] - Best Instance Accuracy: 0.910256, Class Accuracy: 0.881596
[2021-09-07 20:08:05,411][__main__][INFO] - Epoch 241 (241/250):
[2021-09-07 20:12:16,665][__main__][INFO] - Train Instance Accuracy: 0.928004
[2021-09-07 20:13:22,751][__main__][INFO] - Test Instance Accuracy: 0.899439, Class Accuracy: 0.866076
[2021-09-07 20:13:22,751][__main__][INFO] - Best Instance Accuracy: 0.910256, Class Accuracy: 0.881596
[2021-09-07 20:13:22,752][__main__][INFO] - Epoch 242 (242/250):
[2021-09-07 20:17:34,685][__main__][INFO] - Train Instance Accuracy: 0.928159
[2021-09-07 20:18:40,877][__main__][INFO] - Test Instance Accuracy: 0.906250, Class Accuracy: 0.868147
[2021-09-07 20:18:40,878][__main__][INFO] - Best Instance Accuracy: 0.910256, Class Accuracy: 0.881596
[2021-09-07 20:18:40,878][__main__][INFO] - Epoch 243 (243/250):
[2021-09-07 20:22:54,168][__main__][INFO] - Train Instance Accuracy: 0.928307
[2021-09-07 20:24:00,155][__main__][INFO] - Test Instance Accuracy: 0.902644, Class Accuracy: 0.871896
[2021-09-07 20:24:00,156][__main__][INFO] - Best Instance Accuracy: 0.910256, Class Accuracy: 0.881596
[2021-09-07 20:24:00,156][__main__][INFO] - Epoch 244 (244/250):
[2021-09-07 20:28:12,014][__main__][INFO] - Train Instance Accuracy: 0.928455
[2021-09-07 20:29:18,187][__main__][INFO] - Test Instance Accuracy: 0.903446, Class Accuracy: 0.872336
[2021-09-07 20:29:18,187][__main__][INFO] - Best Instance Accuracy: 0.910256, Class Accuracy: 0.881596
[2021-09-07 20:29:18,188][__main__][INFO] - Epoch 245 (245/250):
[2021-09-07 20:33:30,216][__main__][INFO] - Train Instance Accuracy: 0.928600
[2021-09-07 20:34:36,693][__main__][INFO] - Test Instance Accuracy: 0.904647, Class Accuracy: 0.876876
[2021-09-07 20:34:36,694][__main__][INFO] - Best Instance Accuracy: 0.910256, Class Accuracy: 0.881596
[2021-09-07 20:34:36,694][__main__][INFO] - Epoch 246 (246/250):
[2021-09-07 20:38:48,763][__main__][INFO] - Train Instance Accuracy: 0.928755
[2021-09-07 20:39:54,782][__main__][INFO] - Test Instance Accuracy: 0.906651, Class Accuracy: 0.875106
[2021-09-07 20:39:54,782][__main__][INFO] - Best Instance Accuracy: 0.910256, Class Accuracy: 0.881596
[2021-09-07 20:39:54,783][__main__][INFO] - Epoch 247 (247/250):
[2021-09-07 20:44:06,835][__main__][INFO] - Train Instance Accuracy: 0.928910
[2021-09-07 20:45:13,353][__main__][INFO] - Test Instance Accuracy: 0.901042, Class Accuracy: 0.867864
[2021-09-07 20:45:13,353][__main__][INFO] - Best Instance Accuracy: 0.910256, Class Accuracy: 0.881596
[2021-09-07 20:45:13,354][__main__][INFO] - Epoch 248 (248/250):
[2021-09-07 20:49:25,611][__main__][INFO] - Train Instance Accuracy: 0.929044
[2021-09-07 20:50:31,696][__main__][INFO] - Test Instance Accuracy: 0.905849, Class Accuracy: 0.872722
[2021-09-07 20:50:31,697][__main__][INFO] - Best Instance Accuracy: 0.910256, Class Accuracy: 0.881596
[2021-09-07 20:50:31,697][__main__][INFO] - Epoch 249 (249/250):
[2021-09-07 20:54:43,553][__main__][INFO] - Train Instance Accuracy: 0.929183
[2021-09-07 20:55:49,897][__main__][INFO] - Test Instance Accuracy: 0.900641, Class Accuracy: 0.869077
[2021-09-07 20:55:49,897][__main__][INFO] - Best Instance Accuracy: 0.910256, Class Accuracy: 0.881596
[2021-09-07 20:55:49,898][__main__][INFO] - Epoch 250 (250/250):
[2021-09-07 21:00:03,738][__main__][INFO] - Train Instance Accuracy: 0.929316
[2021-09-07 21:01:10,013][__main__][INFO] - Test Instance Accuracy: 0.907051, Class Accuracy: 0.877566
[2021-09-07 21:01:10,014][__main__][INFO] - Best Instance Accuracy: 0.910256, Class Accuracy: 0.881596
[2021-09-07 21:01:10,014][__main__][INFO] - End of training...
