[2022-09-16 10:39:18,955][__main__][INFO] - Load dataset ...
[2022-09-16 10:39:32,590][__main__][INFO] - Load dataset ...
[2022-09-16 10:39:36,138][__main__][INFO] - No existing model, starting training from scratch...
[2022-09-16 10:39:36,139][__main__][INFO] - Start training...
[2022-09-16 10:39:36,140][__main__][INFO] - Epoch 1 (1/200):
[2022-09-16 10:42:33,119][__main__][INFO] - Load dataset ...
[2022-09-16 10:42:36,682][__main__][INFO] - No existing model, starting training from scratch...
[2022-09-16 10:42:36,683][__main__][INFO] - Start training...
[2022-09-16 10:42:36,684][__main__][INFO] - Epoch 1 (1/200):
[2022-09-16 10:43:14,178][__main__][INFO] - Load dataset ...
[2022-09-16 10:43:17,882][__main__][INFO] - No existing model, starting training from scratch...
[2022-09-16 10:43:17,884][__main__][INFO] - Start training...
[2022-09-16 10:43:17,885][__main__][INFO] - Epoch 1 (1/200):
[2022-09-16 10:44:20,683][__main__][INFO] - Load dataset ...
[2022-09-16 10:44:24,179][__main__][INFO] - No existing model, starting training from scratch...
[2022-09-16 10:44:24,181][__main__][INFO] - Start training...
[2022-09-16 10:44:24,181][__main__][INFO] - Epoch 1 (1/200):
[2022-09-16 10:51:32,996][__main__][INFO] - Load dataset ...
[2022-09-16 10:51:36,555][__main__][INFO] - No existing model, starting training from scratch...
[2022-09-16 10:51:36,556][__main__][INFO] - Start training...
[2022-09-16 10:51:36,556][__main__][INFO] - Epoch 1 (1/200):
[2022-09-16 10:55:49,648][__main__][INFO] - Load dataset ...
[2022-09-16 10:55:53,246][__main__][INFO] - No existing model, starting training from scratch...
[2022-09-16 10:55:53,247][__main__][INFO] - Start training...
[2022-09-16 10:55:53,247][__main__][INFO] - Epoch 1 (1/200):
[2022-09-16 12:05:20,550][__main__][INFO] - Load dataset ...
[2022-09-16 12:05:24,155][__main__][INFO] - No existing model, starting training from scratch...
[2022-09-16 12:05:24,157][__main__][INFO] - Start training...
[2022-09-16 12:05:24,157][__main__][INFO] - Epoch 1 (1/200):
[2022-09-16 12:21:51,538][__main__][INFO] - Load dataset ...
[2022-09-16 12:21:55,711][__main__][INFO] - No existing model, starting training from scratch...
[2022-09-16 12:21:55,713][__main__][INFO] - Start training...
[2022-09-16 12:21:55,713][__main__][INFO] - Epoch 1 (1/200):
[2022-09-16 12:27:52,125][__main__][INFO] - Load dataset ...
[2022-09-16 12:27:57,615][__main__][INFO] - No existing model, starting training from scratch...
[2022-09-16 12:27:57,617][__main__][INFO] - Start training...
[2022-09-16 12:27:57,629][__main__][INFO] - Epoch 1 (1/200):
[2022-09-16 12:31:59,589][__main__][INFO] - Load dataset ...
[2022-09-16 12:32:03,895][__main__][INFO] - No existing model, starting training from scratch...
[2022-09-16 12:32:03,896][__main__][INFO] - Start training...
[2022-09-16 12:32:03,896][__main__][INFO] - Epoch 1 (1/200):
[2022-09-16 12:34:36,130][__main__][INFO] - Load dataset ...
[2022-09-16 12:34:39,578][__main__][INFO] - No existing model, starting training from scratch...
[2022-09-16 12:34:39,579][__main__][INFO] - Start training...
[2022-09-16 12:34:39,580][__main__][INFO] - Epoch 1 (1/200):
[2022-09-16 12:35:02,357][__main__][INFO] - Load dataset ...
[2022-09-16 12:35:05,826][__main__][INFO] - No existing model, starting training from scratch...
[2022-09-16 12:35:05,828][__main__][INFO] - Start training...
[2022-09-16 12:35:05,828][__main__][INFO] - Epoch 1 (1/200):
[2022-09-16 12:35:28,304][__main__][INFO] - Load dataset ...
[2022-09-16 12:35:31,769][__main__][INFO] - No existing model, starting training from scratch...
[2022-09-16 12:35:31,770][__main__][INFO] - Start training...
[2022-09-16 12:35:31,770][__main__][INFO] - Epoch 1 (1/200):
[2022-09-16 12:38:19,701][__main__][INFO] - Load dataset ...
[2022-09-16 12:38:24,619][__main__][INFO] - No existing model, starting training from scratch...
[2022-09-16 12:38:24,621][__main__][INFO] - Start training...
[2022-09-16 12:38:24,621][__main__][INFO] - Epoch 1 (1/200):
[2022-09-16 12:39:46,728][__main__][INFO] - Load dataset ...
[2022-09-16 12:39:51,901][__main__][INFO] - No existing model, starting training from scratch...
[2022-09-16 12:39:51,902][__main__][INFO] - Start training...
[2022-09-16 12:39:51,902][__main__][INFO] - Epoch 1 (1/200):
[2022-09-16 12:40:17,470][__main__][INFO] - Load dataset ...
[2022-09-16 12:40:21,574][__main__][INFO] - No existing model, starting training from scratch...
[2022-09-16 12:40:21,575][__main__][INFO] - Start training...
[2022-09-16 12:40:21,595][__main__][INFO] - Epoch 1 (1/200):
[2022-09-16 12:41:04,694][__main__][INFO] - Load dataset ...
[2022-09-16 12:41:08,517][__main__][INFO] - No existing model, starting training from scratch...
[2022-09-16 12:41:08,518][__main__][INFO] - Start training...
[2022-09-16 12:41:08,518][__main__][INFO] - Epoch 1 (1/200):
[2022-09-16 12:41:38,653][__main__][INFO] - Load dataset ...
[2022-09-16 12:41:43,097][__main__][INFO] - No existing model, starting training from scratch...
[2022-09-16 12:41:43,098][__main__][INFO] - Start training...
[2022-09-16 12:41:43,098][__main__][INFO] - Epoch 1 (1/200):
[2022-09-16 13:04:13,514][__main__][INFO] - Load dataset ...
[2022-09-16 13:04:17,044][__main__][INFO] - No existing model, starting training from scratch...
[2022-09-16 13:04:17,045][__main__][INFO] - Start training...
[2022-09-16 13:04:17,045][__main__][INFO] - Epoch 1 (1/200):
[2022-09-16 13:06:05,668][__main__][INFO] - Load dataset ...
[2022-09-16 13:06:09,195][__main__][INFO] - No existing model, starting training from scratch...
[2022-09-16 13:06:09,196][__main__][INFO] - Start training...
[2022-09-16 13:06:09,196][__main__][INFO] - Epoch 1 (1/200):
[2022-09-16 13:06:28,386][__main__][INFO] - Load dataset ...
[2022-09-16 13:06:31,885][__main__][INFO] - No existing model, starting training from scratch...
[2022-09-16 13:06:31,886][__main__][INFO] - Start training...
[2022-09-16 13:06:31,886][__main__][INFO] - Epoch 1 (1/200):
[2022-09-16 13:10:42,953][__main__][INFO] - Load dataset ...
[2022-09-16 13:10:46,597][__main__][INFO] - No existing model, starting training from scratch...
[2022-09-16 13:10:46,598][__main__][INFO] - Start training...
[2022-09-16 13:10:46,598][__main__][INFO] - Epoch 1 (1/200):
[2022-09-16 13:11:02,937][__main__][INFO] - Load dataset ...
[2022-09-16 13:11:06,544][__main__][INFO] - No existing model, starting training from scratch...
[2022-09-16 13:11:06,545][__main__][INFO] - Start training...
[2022-09-16 13:11:06,546][__main__][INFO] - Epoch 1 (1/200):
[2022-09-16 13:11:31,658][__main__][INFO] - Load dataset ...
[2022-09-16 13:11:35,221][__main__][INFO] - No existing model, starting training from scratch...
[2022-09-16 13:11:35,222][__main__][INFO] - Start training...
[2022-09-16 13:11:35,223][__main__][INFO] - Epoch 1 (1/200):
[2022-09-16 13:12:04,738][__main__][INFO] - Load dataset ...
[2022-09-16 13:12:08,376][__main__][INFO] - No existing model, starting training from scratch...
[2022-09-16 13:12:08,377][__main__][INFO] - Start training...
[2022-09-16 13:12:08,378][__main__][INFO] - Epoch 1 (1/200):
[2022-09-16 13:12:45,354][__main__][INFO] - Load dataset ...
[2022-09-16 13:12:48,932][__main__][INFO] - No existing model, starting training from scratch...
[2022-09-16 13:12:48,933][__main__][INFO] - Start training...
[2022-09-16 13:12:48,933][__main__][INFO] - Epoch 1 (1/200):
[2022-09-16 13:13:44,923][__main__][INFO] - Load dataset ...
[2022-09-16 13:13:48,472][__main__][INFO] - No existing model, starting training from scratch...
[2022-09-16 13:13:48,473][__main__][INFO] - Start training...
[2022-09-16 13:13:48,473][__main__][INFO] - Epoch 1 (1/200):
[2022-09-16 13:17:37,090][__main__][INFO] - Train Instance Accuracy: 0.296571
[2022-09-16 13:17:37,091][__main__][INFO] - loss: 4.598585
[2022-09-16 13:18:25,813][__main__][INFO] - Test Instance Accuracy: 0.391129, Class Accuracy: 0.268625
[2022-09-16 13:18:25,814][__main__][INFO] - Best Instance Accuracy: 0.391129, Class Accuracy: 0.268625
[2022-09-16 13:18:25,814][tensorboardX.summary][INFO] - Summary name Test Acc is illegal; using Test_Acc instead.
[2022-09-16 13:18:25,815][__main__][INFO] - Save model...
[2022-09-16 13:18:25,816][__main__][INFO] - Saving at best_model.pth
[2022-09-16 13:18:25,906][__main__][INFO] - Epoch 2 (2/200):
[2022-09-16 13:22:19,247][__main__][INFO] - Train Instance Accuracy: 0.410883
[2022-09-16 13:22:19,248][__main__][INFO] - loss: 6.166891
[2022-09-16 13:23:07,158][__main__][INFO] - Test Instance Accuracy: 0.520565, Class Accuracy: 0.396010
[2022-09-16 13:23:07,159][__main__][INFO] - Best Instance Accuracy: 0.520565, Class Accuracy: 0.396010
[2022-09-16 13:23:07,160][tensorboardX.summary][INFO] - Summary name Test Acc is illegal; using Test_Acc instead.
[2022-09-16 13:23:07,160][__main__][INFO] - Save model...
[2022-09-16 13:23:07,160][__main__][INFO] - Saving at best_model.pth
[2022-09-16 13:23:07,340][__main__][INFO] - Epoch 3 (3/200):
[2022-09-16 13:26:53,922][__main__][INFO] - Train Instance Accuracy: 0.482909
[2022-09-16 13:26:53,923][__main__][INFO] - loss: 2.472459
[2022-09-16 13:27:40,695][__main__][INFO] - Test Instance Accuracy: 0.657258, Class Accuracy: 0.525943
[2022-09-16 13:27:40,696][__main__][INFO] - Best Instance Accuracy: 0.657258, Class Accuracy: 0.525943
[2022-09-16 13:27:40,696][tensorboardX.summary][INFO] - Summary name Test Acc is illegal; using Test_Acc instead.
[2022-09-16 13:27:40,697][__main__][INFO] - Save model...
[2022-09-16 13:27:40,699][__main__][INFO] - Saving at best_model.pth
[2022-09-16 13:27:40,899][__main__][INFO] - Epoch 4 (4/200):
[2022-09-16 13:31:26,705][__main__][INFO] - Train Instance Accuracy: 0.535207
[2022-09-16 13:31:26,706][__main__][INFO] - loss: 2.826897
[2022-09-16 13:32:12,811][__main__][INFO] - Test Instance Accuracy: 0.685484, Class Accuracy: 0.574749
[2022-09-16 13:32:12,811][__main__][INFO] - Best Instance Accuracy: 0.685484, Class Accuracy: 0.574749
[2022-09-16 13:32:12,812][tensorboardX.summary][INFO] - Summary name Test Acc is illegal; using Test_Acc instead.
[2022-09-16 13:32:12,812][__main__][INFO] - Save model...
[2022-09-16 13:32:12,813][__main__][INFO] - Saving at best_model.pth
[2022-09-16 13:32:13,067][__main__][INFO] - Epoch 5 (5/200):
[2022-09-16 13:35:58,760][__main__][INFO] - Train Instance Accuracy: 0.573099
[2022-09-16 13:35:58,761][__main__][INFO] - loss: 3.167056
[2022-09-16 13:36:45,322][__main__][INFO] - Test Instance Accuracy: 0.704435, Class Accuracy: 0.636439
[2022-09-16 13:36:45,323][__main__][INFO] - Best Instance Accuracy: 0.704435, Class Accuracy: 0.636439
[2022-09-16 13:36:45,323][tensorboardX.summary][INFO] - Summary name Test Acc is illegal; using Test_Acc instead.
[2022-09-16 13:36:45,324][__main__][INFO] - Save model...
[2022-09-16 13:36:45,325][__main__][INFO] - Saving at best_model.pth
[2022-09-16 13:36:45,579][__main__][INFO] - Epoch 6 (6/200):
[2022-09-16 13:40:28,309][__main__][INFO] - Train Instance Accuracy: 0.602154
[2022-09-16 13:40:28,310][__main__][INFO] - loss: 2.178993
[2022-09-16 13:41:13,002][__main__][INFO] - Test Instance Accuracy: 0.766532, Class Accuracy: 0.687724
[2022-09-16 13:41:13,002][__main__][INFO] - Best Instance Accuracy: 0.766532, Class Accuracy: 0.687724
[2022-09-16 13:41:13,002][tensorboardX.summary][INFO] - Summary name Test Acc is illegal; using Test_Acc instead.
[2022-09-16 13:41:13,003][__main__][INFO] - Save model...
[2022-09-16 13:41:13,004][__main__][INFO] - Saving at best_model.pth
[2022-09-16 13:41:13,270][__main__][INFO] - Epoch 7 (7/200):
[2022-09-16 13:44:57,899][__main__][INFO] - Train Instance Accuracy: 0.625237
[2022-09-16 13:44:57,900][__main__][INFO] - loss: 3.191997
[2022-09-16 13:45:44,603][__main__][INFO] - Test Instance Accuracy: 0.759274, Class Accuracy: 0.698841
[2022-09-16 13:45:44,603][__main__][INFO] - Best Instance Accuracy: 0.766532, Class Accuracy: 0.698841
[2022-09-16 13:45:44,603][tensorboardX.summary][INFO] - Summary name Test Acc is illegal; using Test_Acc instead.
[2022-09-16 13:45:44,604][__main__][INFO] - Epoch 8 (8/200):
[2022-09-16 13:49:29,266][__main__][INFO] - Train Instance Accuracy: 0.645673
[2022-09-16 13:49:29,267][__main__][INFO] - loss: 3.067818
[2022-09-16 13:50:14,543][__main__][INFO] - Test Instance Accuracy: 0.773790, Class Accuracy: 0.688255
[2022-09-16 13:50:14,544][__main__][INFO] - Best Instance Accuracy: 0.773790, Class Accuracy: 0.698841
[2022-09-16 13:50:14,545][tensorboardX.summary][INFO] - Summary name Test Acc is illegal; using Test_Acc instead.
[2022-09-16 13:50:14,546][__main__][INFO] - Save model...
[2022-09-16 13:50:14,547][__main__][INFO] - Saving at best_model.pth
[2022-09-16 13:50:14,797][__main__][INFO] - Epoch 9 (9/200):
[2022-09-16 13:53:57,501][__main__][INFO] - Train Instance Accuracy: 0.662759
[2022-09-16 13:53:57,502][__main__][INFO] - loss: 1.192316
[2022-09-16 13:54:43,290][__main__][INFO] - Test Instance Accuracy: 0.821774, Class Accuracy: 0.750550
[2022-09-16 13:54:43,290][__main__][INFO] - Best Instance Accuracy: 0.821774, Class Accuracy: 0.750550
[2022-09-16 13:54:43,291][tensorboardX.summary][INFO] - Summary name Test Acc is illegal; using Test_Acc instead.
[2022-09-16 13:54:43,291][__main__][INFO] - Save model...
[2022-09-16 13:54:43,292][__main__][INFO] - Saving at best_model.pth
[2022-09-16 13:54:43,609][__main__][INFO] - Epoch 10 (10/200):
[2022-09-16 13:58:28,800][__main__][INFO] - Train Instance Accuracy: 0.677100
[2022-09-16 13:58:28,801][__main__][INFO] - loss: 0.915986
[2022-09-16 13:59:15,242][__main__][INFO] - Test Instance Accuracy: 0.800000, Class Accuracy: 0.748478
[2022-09-16 13:59:15,242][__main__][INFO] - Best Instance Accuracy: 0.821774, Class Accuracy: 0.750550
[2022-09-16 13:59:15,243][tensorboardX.summary][INFO] - Summary name Test Acc is illegal; using Test_Acc instead.
[2022-09-16 13:59:15,244][__main__][INFO] - Epoch 11 (11/200):
[2022-09-16 14:03:00,077][__main__][INFO] - Train Instance Accuracy: 0.689917
[2022-09-16 14:03:00,078][__main__][INFO] - loss: 0.154233
[2022-09-16 14:03:44,950][__main__][INFO] - Test Instance Accuracy: 0.808871, Class Accuracy: 0.720857
[2022-09-16 14:03:44,950][__main__][INFO] - Best Instance Accuracy: 0.821774, Class Accuracy: 0.750550
[2022-09-16 14:03:44,950][tensorboardX.summary][INFO] - Summary name Test Acc is illegal; using Test_Acc instead.
[2022-09-16 14:03:44,951][__main__][INFO] - Epoch 12 (12/200):
[2022-09-16 14:07:29,179][__main__][INFO] - Train Instance Accuracy: 0.701372
[2022-09-16 14:07:29,180][__main__][INFO] - loss: 1.890813
[2022-09-16 14:08:14,492][__main__][INFO] - Test Instance Accuracy: 0.821774, Class Accuracy: 0.752468
[2022-09-16 14:08:14,492][__main__][INFO] - Best Instance Accuracy: 0.821774, Class Accuracy: 0.752468
[2022-09-16 14:08:14,493][tensorboardX.summary][INFO] - Summary name Test Acc is illegal; using Test_Acc instead.
[2022-09-16 14:08:14,494][__main__][INFO] - Save model...
[2022-09-16 14:08:14,495][__main__][INFO] - Saving at best_model.pth
[2022-09-16 14:08:14,721][__main__][INFO] - Epoch 13 (13/200):
[2022-09-16 14:11:59,473][__main__][INFO] - Train Instance Accuracy: 0.711476
[2022-09-16 14:11:59,473][__main__][INFO] - loss: 3.481545
[2022-09-16 14:12:46,721][__main__][INFO] - Test Instance Accuracy: 0.835887, Class Accuracy: 0.778942
[2022-09-16 14:12:46,721][__main__][INFO] - Best Instance Accuracy: 0.835887, Class Accuracy: 0.778942
[2022-09-16 14:12:46,722][tensorboardX.summary][INFO] - Summary name Test Acc is illegal; using Test_Acc instead.
[2022-09-16 14:12:46,723][__main__][INFO] - Save model...
[2022-09-16 14:12:46,724][__main__][INFO] - Saving at best_model.pth
[2022-09-16 14:12:46,964][__main__][INFO] - Epoch 14 (14/200):
[2022-09-16 14:16:31,114][__main__][INFO] - Train Instance Accuracy: 0.720139
[2022-09-16 14:16:31,115][__main__][INFO] - loss: 0.938541
[2022-09-16 14:17:16,675][__main__][INFO] - Test Instance Accuracy: 0.843145, Class Accuracy: 0.782430
[2022-09-16 14:17:16,675][__main__][INFO] - Best Instance Accuracy: 0.843145, Class Accuracy: 0.782430
[2022-09-16 14:17:16,675][tensorboardX.summary][INFO] - Summary name Test Acc is illegal; using Test_Acc instead.
[2022-09-16 14:17:16,676][__main__][INFO] - Save model...
[2022-09-16 14:17:16,677][__main__][INFO] - Saving at best_model.pth
[2022-09-16 14:17:16,923][__main__][INFO] - Epoch 15 (15/200):
[2022-09-16 14:21:01,470][__main__][INFO] - Train Instance Accuracy: 0.728208
[2022-09-16 14:21:01,470][__main__][INFO] - loss: 1.532995
[2022-09-16 14:21:48,294][__main__][INFO] - Test Instance Accuracy: 0.819758, Class Accuracy: 0.777697
[2022-09-16 14:21:48,295][__main__][INFO] - Best Instance Accuracy: 0.843145, Class Accuracy: 0.782430
[2022-09-16 14:21:48,295][tensorboardX.summary][INFO] - Summary name Test Acc is illegal; using Test_Acc instead.
[2022-09-16 14:21:48,296][__main__][INFO] - Epoch 16 (16/200):
[2022-09-16 14:25:30,408][__main__][INFO] - Train Instance Accuracy: 0.735770
[2022-09-16 14:25:30,409][__main__][INFO] - loss: 2.577570
[2022-09-16 14:26:15,897][__main__][INFO] - Test Instance Accuracy: 0.832258, Class Accuracy: 0.777974
[2022-09-16 14:26:15,898][__main__][INFO] - Best Instance Accuracy: 0.843145, Class Accuracy: 0.782430
[2022-09-16 14:26:15,898][tensorboardX.summary][INFO] - Summary name Test Acc is illegal; using Test_Acc instead.
[2022-09-16 14:26:15,899][__main__][INFO] - Epoch 17 (17/200):
[2022-09-16 14:30:01,326][__main__][INFO] - Train Instance Accuracy: 0.742490
[2022-09-16 14:30:01,327][__main__][INFO] - loss: 1.119360
[2022-09-16 14:30:45,768][__main__][INFO] - Test Instance Accuracy: 0.828629, Class Accuracy: 0.778224
[2022-09-16 14:30:45,769][__main__][INFO] - Best Instance Accuracy: 0.843145, Class Accuracy: 0.782430
[2022-09-16 14:30:45,769][tensorboardX.summary][INFO] - Summary name Test Acc is illegal; using Test_Acc instead.
[2022-09-16 14:30:45,770][__main__][INFO] - Epoch 18 (18/200):
[2022-09-16 14:34:30,114][__main__][INFO] - Train Instance Accuracy: 0.748625
[2022-09-16 14:34:30,115][__main__][INFO] - loss: 1.585336
[2022-09-16 14:35:14,763][__main__][INFO] - Test Instance Accuracy: 0.848790, Class Accuracy: 0.774736
[2022-09-16 14:35:14,763][__main__][INFO] - Best Instance Accuracy: 0.848790, Class Accuracy: 0.782430
[2022-09-16 14:35:14,764][tensorboardX.summary][INFO] - Summary name Test Acc is illegal; using Test_Acc instead.
[2022-09-16 14:35:14,764][__main__][INFO] - Save model...
[2022-09-16 14:35:14,765][__main__][INFO] - Saving at best_model.pth
[2022-09-16 14:35:15,005][__main__][INFO] - Epoch 19 (19/200):
[2022-09-16 14:39:00,679][__main__][INFO] - Train Instance Accuracy: 0.754199
[2022-09-16 14:39:00,679][__main__][INFO] - loss: 2.381320
[2022-09-16 14:39:47,330][__main__][INFO] - Test Instance Accuracy: 0.853629, Class Accuracy: 0.803306
[2022-09-16 14:39:47,331][__main__][INFO] - Best Instance Accuracy: 0.853629, Class Accuracy: 0.803306
[2022-09-16 14:39:47,331][tensorboardX.summary][INFO] - Summary name Test Acc is illegal; using Test_Acc instead.
[2022-09-16 14:39:47,332][__main__][INFO] - Save model...
[2022-09-16 14:39:47,333][__main__][INFO] - Saving at best_model.pth
[2022-09-16 14:39:47,555][__main__][INFO] - Epoch 20 (20/200):
[2022-09-16 14:43:33,015][__main__][INFO] - Train Instance Accuracy: 0.759165
[2022-09-16 14:43:33,016][__main__][INFO] - loss: 3.844472
[2022-09-16 14:44:19,775][__main__][INFO] - Test Instance Accuracy: 0.863710, Class Accuracy: 0.817395
[2022-09-16 14:44:19,776][__main__][INFO] - Best Instance Accuracy: 0.863710, Class Accuracy: 0.817395
[2022-09-16 14:44:19,776][tensorboardX.summary][INFO] - Summary name Test Acc is illegal; using Test_Acc instead.
[2022-09-16 14:44:19,777][__main__][INFO] - Save model...
[2022-09-16 14:44:19,778][__main__][INFO] - Saving at best_model.pth
[2022-09-16 14:44:20,031][__main__][INFO] - Epoch 21 (21/200):
[2022-09-16 14:48:03,965][__main__][INFO] - Train Instance Accuracy: 0.764063
[2022-09-16 14:48:03,966][__main__][INFO] - loss: 1.788651
[2022-09-16 14:48:49,617][__main__][INFO] - Test Instance Accuracy: 0.845161, Class Accuracy: 0.792445
[2022-09-16 14:48:49,618][__main__][INFO] - Best Instance Accuracy: 0.863710, Class Accuracy: 0.817395
[2022-09-16 14:48:49,618][tensorboardX.summary][INFO] - Summary name Test Acc is illegal; using Test_Acc instead.
[2022-09-16 14:48:49,620][__main__][INFO] - Epoch 22 (22/200):
[2022-09-16 14:52:32,403][__main__][INFO] - Train Instance Accuracy: 0.768610
[2022-09-16 14:52:32,403][__main__][INFO] - loss: 1.523604
[2022-09-16 14:53:18,743][__main__][INFO] - Test Instance Accuracy: 0.868952, Class Accuracy: 0.812118
[2022-09-16 14:53:18,744][__main__][INFO] - Best Instance Accuracy: 0.868952, Class Accuracy: 0.817395
[2022-09-16 14:53:18,744][tensorboardX.summary][INFO] - Summary name Test Acc is illegal; using Test_Acc instead.
[2022-09-16 14:53:18,745][__main__][INFO] - Save model...
[2022-09-16 14:53:18,745][__main__][INFO] - Saving at best_model.pth
[2022-09-16 14:53:19,014][__main__][INFO] - Epoch 23 (23/200):
[2022-09-16 14:57:02,093][__main__][INFO] - Train Instance Accuracy: 0.772870
[2022-09-16 14:57:02,093][__main__][INFO] - loss: 0.662252
[2022-09-16 14:57:46,909][__main__][INFO] - Test Instance Accuracy: 0.866935, Class Accuracy: 0.811778
[2022-09-16 14:57:46,910][__main__][INFO] - Best Instance Accuracy: 0.868952, Class Accuracy: 0.817395
[2022-09-16 14:57:46,910][tensorboardX.summary][INFO] - Summary name Test Acc is illegal; using Test_Acc instead.
[2022-09-16 14:57:46,911][__main__][INFO] - Epoch 24 (24/200):
[2022-09-16 15:01:30,870][__main__][INFO] - Train Instance Accuracy: 0.776780
[2022-09-16 15:01:30,871][__main__][INFO] - loss: 2.681174
[2022-09-16 15:02:14,986][__main__][INFO] - Test Instance Accuracy: 0.869758, Class Accuracy: 0.824242
[2022-09-16 15:02:14,987][__main__][INFO] - Best Instance Accuracy: 0.869758, Class Accuracy: 0.824242
[2022-09-16 15:02:14,987][tensorboardX.summary][INFO] - Summary name Test Acc is illegal; using Test_Acc instead.
[2022-09-16 15:02:14,988][__main__][INFO] - Save model...
[2022-09-16 15:02:14,989][__main__][INFO] - Saving at best_model.pth
[2022-09-16 15:02:15,313][__main__][INFO] - Epoch 25 (25/200):
[2022-09-16 15:05:59,641][__main__][INFO] - Train Instance Accuracy: 0.780437
[2022-09-16 15:05:59,642][__main__][INFO] - loss: 3.232763
[2022-09-16 15:06:44,242][__main__][INFO] - Test Instance Accuracy: 0.857258, Class Accuracy: 0.820584
[2022-09-16 15:06:44,243][__main__][INFO] - Best Instance Accuracy: 0.869758, Class Accuracy: 0.824242
[2022-09-16 15:06:44,243][tensorboardX.summary][INFO] - Summary name Test Acc is illegal; using Test_Acc instead.
[2022-09-16 15:06:44,245][__main__][INFO] - Epoch 26 (26/200):
[2022-09-16 15:10:27,351][__main__][INFO] - Train Instance Accuracy: 0.783780
[2022-09-16 15:10:27,351][__main__][INFO] - loss: 1.676849
[2022-09-16 15:11:11,718][__main__][INFO] - Test Instance Accuracy: 0.835887, Class Accuracy: 0.805209
[2022-09-16 15:11:11,719][__main__][INFO] - Best Instance Accuracy: 0.869758, Class Accuracy: 0.824242
[2022-09-16 15:11:11,719][tensorboardX.summary][INFO] - Summary name Test Acc is illegal; using Test_Acc instead.
[2022-09-16 15:11:11,720][__main__][INFO] - Epoch 27 (27/200):
[2022-09-16 15:14:56,211][__main__][INFO] - Train Instance Accuracy: 0.787187
[2022-09-16 15:14:56,212][__main__][INFO] - loss: 2.004422
[2022-09-16 15:15:41,746][__main__][INFO] - Test Instance Accuracy: 0.877016, Class Accuracy: 0.828323
[2022-09-16 15:15:41,746][__main__][INFO] - Best Instance Accuracy: 0.877016, Class Accuracy: 0.828323
[2022-09-16 15:15:41,747][tensorboardX.summary][INFO] - Summary name Test Acc is illegal; using Test_Acc instead.
[2022-09-16 15:15:41,747][__main__][INFO] - Save model...
[2022-09-16 15:15:41,748][__main__][INFO] - Saving at best_model.pth
[2022-09-16 15:15:42,013][__main__][INFO] - Epoch 28 (28/200):
[2022-09-16 15:19:47,387][__main__][INFO] - Train Instance Accuracy: 0.790446
[2022-09-16 15:19:47,407][__main__][INFO] - loss: 1.852517
[2022-09-16 15:20:45,683][__main__][INFO] - Test Instance Accuracy: 0.866532, Class Accuracy: 0.804583
[2022-09-16 15:20:45,700][__main__][INFO] - Best Instance Accuracy: 0.877016, Class Accuracy: 0.828323
[2022-09-16 15:20:45,701][tensorboardX.summary][INFO] - Summary name Test Acc is illegal; using Test_Acc instead.
[2022-09-16 15:20:45,730][__main__][INFO] - Epoch 29 (29/200):
[2022-09-16 15:25:02,428][__main__][INFO] - Train Instance Accuracy: 0.793505
[2022-09-16 15:25:02,429][__main__][INFO] - loss: 0.209222
[2022-09-16 15:26:07,334][__main__][INFO] - Test Instance Accuracy: 0.860484, Class Accuracy: 0.811304
[2022-09-16 15:26:07,335][__main__][INFO] - Best Instance Accuracy: 0.877016, Class Accuracy: 0.828323
[2022-09-16 15:26:07,335][tensorboardX.summary][INFO] - Summary name Test Acc is illegal; using Test_Acc instead.
[2022-09-16 15:26:07,336][__main__][INFO] - Epoch 30 (30/200):
[2022-09-16 15:30:00,020][__main__][INFO] - Train Instance Accuracy: 0.796392
[2022-09-16 15:30:00,021][__main__][INFO] - loss: 1.391224
[2022-09-16 15:30:49,621][__main__][INFO] - Test Instance Accuracy: 0.870161, Class Accuracy: 0.836037
[2022-09-16 15:30:49,621][__main__][INFO] - Best Instance Accuracy: 0.877016, Class Accuracy: 0.836037
[2022-09-16 15:30:49,621][tensorboardX.summary][INFO] - Summary name Test Acc is illegal; using Test_Acc instead.
[2022-09-16 15:30:49,628][__main__][INFO] - Epoch 31 (31/200):
[2022-09-16 15:34:35,118][__main__][INFO] - Train Instance Accuracy: 0.799091
[2022-09-16 15:34:35,118][__main__][INFO] - loss: 1.684040
[2022-09-16 15:35:22,026][__main__][INFO] - Test Instance Accuracy: 0.877823, Class Accuracy: 0.819259
[2022-09-16 15:35:22,027][__main__][INFO] - Best Instance Accuracy: 0.877823, Class Accuracy: 0.836037
[2022-09-16 15:35:22,027][tensorboardX.summary][INFO] - Summary name Test Acc is illegal; using Test_Acc instead.
[2022-09-16 15:35:22,028][__main__][INFO] - Save model...
[2022-09-16 15:35:22,028][__main__][INFO] - Saving at best_model.pth
[2022-09-16 15:35:22,324][__main__][INFO] - Epoch 32 (32/200):
[2022-09-16 15:39:07,604][__main__][INFO] - Train Instance Accuracy: 0.801814
[2022-09-16 15:39:07,604][__main__][INFO] - loss: 0.597224
[2022-09-16 15:39:53,596][__main__][INFO] - Test Instance Accuracy: 0.862903, Class Accuracy: 0.815609
[2022-09-16 15:39:53,597][__main__][INFO] - Best Instance Accuracy: 0.877823, Class Accuracy: 0.836037
[2022-09-16 15:39:53,597][tensorboardX.summary][INFO] - Summary name Test Acc is illegal; using Test_Acc instead.
[2022-09-16 15:39:53,599][__main__][INFO] - Epoch 33 (33/200):
[2022-09-16 15:43:37,267][__main__][INFO] - Train Instance Accuracy: 0.804418
[2022-09-16 15:43:37,268][__main__][INFO] - loss: 0.846262
[2022-09-16 15:44:23,482][__main__][INFO] - Test Instance Accuracy: 0.867339, Class Accuracy: 0.813823
[2022-09-16 15:44:23,482][__main__][INFO] - Best Instance Accuracy: 0.877823, Class Accuracy: 0.836037
[2022-09-16 15:44:23,482][tensorboardX.summary][INFO] - Summary name Test Acc is illegal; using Test_Acc instead.
[2022-09-16 15:44:23,484][__main__][INFO] - Epoch 34 (34/200):
[2022-09-16 15:48:09,669][__main__][INFO] - Train Instance Accuracy: 0.806911
[2022-09-16 15:48:09,670][__main__][INFO] - loss: 1.071158
[2022-09-16 15:48:56,926][__main__][INFO] - Test Instance Accuracy: 0.863306, Class Accuracy: 0.821515
[2022-09-16 15:48:56,927][__main__][INFO] - Best Instance Accuracy: 0.877823, Class Accuracy: 0.836037
[2022-09-16 15:48:56,927][tensorboardX.summary][INFO] - Summary name Test Acc is illegal; using Test_Acc instead.
[2022-09-16 15:48:56,929][__main__][INFO] - Epoch 35 (35/200):
[2022-09-16 15:52:42,636][__main__][INFO] - Train Instance Accuracy: 0.809237
[2022-09-16 15:52:42,637][__main__][INFO] - loss: 1.763397
[2022-09-16 15:53:28,694][__main__][INFO] - Test Instance Accuracy: 0.878629, Class Accuracy: 0.840514
[2022-09-16 15:53:28,695][__main__][INFO] - Best Instance Accuracy: 0.878629, Class Accuracy: 0.840514
[2022-09-16 15:53:28,695][tensorboardX.summary][INFO] - Summary name Test Acc is illegal; using Test_Acc instead.
[2022-09-16 15:53:28,696][__main__][INFO] - Save model...
[2022-09-16 15:53:28,697][__main__][INFO] - Saving at best_model.pth
[2022-09-16 15:53:28,973][__main__][INFO] - Epoch 36 (36/200):
[2022-09-16 15:57:13,874][__main__][INFO] - Train Instance Accuracy: 0.811516
[2022-09-16 15:57:13,875][__main__][INFO] - loss: 1.511352
[2022-09-16 15:57:59,488][__main__][INFO] - Test Instance Accuracy: 0.875403, Class Accuracy: 0.834909
[2022-09-16 15:57:59,488][__main__][INFO] - Best Instance Accuracy: 0.878629, Class Accuracy: 0.840514
[2022-09-16 15:57:59,488][tensorboardX.summary][INFO] - Summary name Test Acc is illegal; using Test_Acc instead.
[2022-09-16 15:57:59,490][__main__][INFO] - Epoch 37 (37/200):
